This file contains any messages produced by compilers while
running configure, to aid debugging if configure makes a mistake.

It was created by pcap configure 1.10.5, which was
generated by GNU Autoconf 2.71.  Invocation command line was

  $ ./configure --prefix=/usr

## --------- ##
## Platform. ##
## --------- ##

hostname = mamoedus-HP-Laptop-15s-eq2xxx
uname -m = x86_64
uname -r = 6.8.0-51-generic
uname -s = Linux
uname -v = #52-Ubuntu SMP PREEMPT_DYNAMIC Thu Dec  5 13:09:44 UTC 2024

/usr/bin/uname -p = x86_64
/bin/uname -X     = unknown

/bin/arch              = x86_64
/usr/bin/arch -k       = unknown
/usr/convex/getsysinfo = unknown
/usr/bin/hostinfo      = unknown
/bin/machine           = unknown
/usr/bin/oslevel       = unknown
/bin/universe          = unknown

PATH: /home/mamoedus/.local/bin/
PATH: /home/mamoedus/.local/bin/
PATH: /usr/local/sbin/
PATH: /usr/local/bin/
PATH: /usr/sbin/
PATH: /usr/bin/
PATH: /sbin/
PATH: /bin/
PATH: /usr/games/
PATH: /usr/local/games/
PATH: /snap/bin/
PATH: /snap/bin/


## ----------- ##
## Core tests. ##
## ----------- ##

configure:2788: looking for aux files: install-sh config.guess config.sub
configure:2801:  trying ./
configure:2812:   ./install-sh found
configure:2830:   ./config.guess found
configure:2830:   ./config.sub found
configure:3029: checking build system type
configure:3044: result: x86_64-pc-linux-gnu
configure:3064: checking host system type
configure:3078: result: x86_64-pc-linux-gnu
configure:3098: checking target system type
configure:3112: result: x86_64-pc-linux-gnu
configure:3285: checking for gcc
configure:3306: found /usr/bin/gcc
configure:3317: result: gcc
configure:3670: checking for C compiler version
configure:3679: gcc --version >&5
gcc (Ubuntu 13.3.0-6ubuntu2~24.04) 13.3.0
Copyright (C) 2023 Free Software Foundation, Inc.
This is free software; see the source for copying conditions.  There is NO
warranty; not even for MERCHANTABILITY or FITNESS FOR A PARTICULAR PURPOSE.

configure:3690: $? = 0
configure:3679: gcc -v >&5
Using built-in specs.
COLLECT_GCC=gcc
COLLECT_LTO_WRAPPER=/usr/libexec/gcc/x86_64-linux-gnu/13/lto-wrapper
OFFLOAD_TARGET_NAMES=nvptx-none:amdgcn-amdhsa
OFFLOAD_TARGET_DEFAULT=1
Target: x86_64-linux-gnu
Configured with: ../src/configure -v --with-pkgversion='Ubuntu 13.3.0-6ubuntu2~24.04' --with-bugurl=file:///usr/share/doc/gcc-13/README.Bugs --enable-languages=c,ada,c++,go,d,fortran,objc,obj-c++,m2 --prefix=/usr --with-gcc-major-version-only --program-suffix=-13 --program-prefix=x86_64-linux-gnu- --enable-shared --enable-linker-build-id --libexecdir=/usr/libexec --without-included-gettext --enable-threads=posix --libdir=/usr/lib --enable-nls --enable-bootstrap --enable-clocale=gnu --enable-libstdcxx-debug --enable-libstdcxx-time=yes --with-default-libstdcxx-abi=new --enable-libstdcxx-backtrace --enable-gnu-unique-object --disable-vtable-verify --enable-plugin --enable-default-pie --with-system-zlib --enable-libphobos-checking=release --with-target-system-zlib=auto --enable-objc-gc=auto --enable-multiarch --disable-werror --enable-cet --with-arch-32=i686 --with-abi=m64 --with-multilib-list=m32,m64,mx32 --enable-multilib --with-tune=generic --enable-offload-targets=nvptx-none=/build/gcc-13-fG75Ri/gcc-13-13.3.0/debian/tmp-nvptx/usr,amdgcn-amdhsa=/build/gcc-13-fG75Ri/gcc-13-13.3.0/debian/tmp-gcn/usr --enable-offload-defaulted --without-cuda-driver --enable-checking=release --build=x86_64-linux-gnu --host=x86_64-linux-gnu --target=x86_64-linux-gnu --with-build-config=bootstrap-lto-lean --enable-link-serialization=2
Thread model: posix
Supported LTO compression algorithms: zlib zstd
gcc version 13.3.0 (Ubuntu 13.3.0-6ubuntu2~24.04) 
... rest of stderr output deleted ...
configure:3690: $? = 0
configure:3679: gcc -V >&5
gcc: error: unrecognized command-line option '-V'
gcc: fatal error: no input files
compilation terminated.
configure:3690: $? = 1
configure:3679: gcc -qversion >&5
gcc: error: unrecognized command-line option '-qversion'; did you mean '--version'?
gcc: fatal error: no input files
compilation terminated.
configure:3690: $? = 1
configure:3679: gcc -version >&5
gcc: error: unrecognized command-line option '-version'
gcc: fatal error: no input files
compilation terminated.
configure:3690: $? = 1
configure:3710: checking whether the C compiler works
configure:3732: gcc    conftest.c  >&5
configure:3736: $? = 0
configure:3786: result: yes
configure:3789: checking for C compiler default output file name
configure:3791: result: a.out
configure:3797: checking for suffix of executables
configure:3804: gcc -o conftest    conftest.c  >&5
configure:3808: $? = 0
configure:3831: result: 
configure:3853: checking whether we are cross compiling
configure:3861: gcc -o conftest    conftest.c  >&5
configure:3865: $? = 0
configure:3872: ./conftest
configure:3876: $? = 0
configure:3891: result: no
configure:3896: checking for suffix of object files
configure:3919: gcc -c   conftest.c >&5
configure:3923: $? = 0
configure:3945: result: o
configure:3949: checking whether the compiler supports GNU C
configure:3969: gcc -c   conftest.c >&5
configure:3969: $? = 0
configure:3979: result: yes
configure:3990: checking whether gcc accepts -g
configure:4011: gcc -c -g  conftest.c >&5
configure:4011: $? = 0
configure:4055: result: yes
configure:4075: checking for gcc option to enable C11 features
configure:4090: gcc  -c -g -O2  conftest.c >&5
configure:4090: $? = 0
configure:4108: result: none needed
configure:4232: checking for stdio.h
configure:4232: gcc -c -g -O2  conftest.c >&5
configure:4232: $? = 0
configure:4232: result: yes
configure:4232: checking for stdlib.h
configure:4232: gcc -c -g -O2  conftest.c >&5
configure:4232: $? = 0
configure:4232: result: yes
configure:4232: checking for string.h
configure:4232: gcc -c -g -O2  conftest.c >&5
configure:4232: $? = 0
configure:4232: result: yes
configure:4232: checking for inttypes.h
configure:4232: gcc -c -g -O2  conftest.c >&5
configure:4232: $? = 0
configure:4232: result: yes
configure:4232: checking for stdint.h
configure:4232: gcc -c -g -O2  conftest.c >&5
configure:4232: $? = 0
configure:4232: result: yes
configure:4232: checking for strings.h
configure:4232: gcc -c -g -O2  conftest.c >&5
configure:4232: $? = 0
configure:4232: result: yes
configure:4232: checking for sys/stat.h
configure:4232: gcc -c -g -O2  conftest.c >&5
configure:4232: $? = 0
configure:4232: result: yes
configure:4232: checking for sys/types.h
configure:4232: gcc -c -g -O2  conftest.c >&5
configure:4232: $? = 0
configure:4232: result: yes
configure:4232: checking for unistd.h
configure:4232: gcc -c -g -O2  conftest.c >&5
configure:4232: $? = 0
configure:4232: result: yes
configure:4261: checking size of void *
configure:4267: gcc -o conftest -g -O2   conftest.c  >&5
configure:4267: $? = 0
configure:4267: ./conftest
configure:4267: $? = 0
configure:4282: result: 8
configure:4299: checking size of time_t
configure:4305: gcc -o conftest -g -O2   conftest.c  >&5
configure:4305: $? = 0
configure:4305: ./conftest
configure:4305: $? = 0
configure:4321: result: 8
configure:4346: checking whether the compiler supports the -fvisibility=hidden option
configure:4380: gcc -c -g -O2 -fvisibility=hidden  conftest.c >&5
configure:4380: $? = 0
configure:4383: result: yes
configure:4920: checking for inline
configure:4957: gcc -c  -fvisibility=hidden  conftest.c >&5
configure:4957: $? = 0
configure:4973: result: inline
configure:4983: checking for __atomic_load_n
configure:5051: gcc -o conftest -g -O2   conftest.c  >&5
configure:5051: $? = 0
configure:5061: result: yes
configure:5069: checking for __atomic_store_n
configure:5089: gcc -o conftest -g -O2   conftest.c  >&5
configure:5089: $? = 0
configure:5099: result: yes
configure:5118: checking for special C compiler options needed for large files
configure:5166: result: no
configure:5172: checking for _FILE_OFFSET_BITS value needed for large files
configure:5198: gcc -c -g -O2  conftest.c >&5
configure:5198: $? = 0
configure:5232: result: no
configure:5314: checking for _LARGEFILE_SOURCE value needed for large files
configure:5334: gcc -o conftest -g -O2   conftest.c  >&5
configure:5334: $? = 0
configure:5364: result: no
configure:5384: checking for sys/ioccom.h
configure:5384: gcc -c -g -O2  conftest.c >&5
conftest.c:53:10: fatal error: sys/ioccom.h: No such file or directory
   53 | #include <sys/ioccom.h>
      |          ^~~~~~~~~~~~~~
compilation terminated.
configure:5384: $? = 1
configure: failed program was:
| /* confdefs.h */
| #define PACKAGE_NAME "pcap"
| #define PACKAGE_TARNAME "pcap"
| #define PACKAGE_VERSION "1.10.5"
| #define PACKAGE_STRING "pcap 1.10.5"
| #define PACKAGE_BUGREPORT ""
| #define PACKAGE_URL ""
| #define HAVE_STDIO_H 1
| #define HAVE_STDLIB_H 1
| #define HAVE_STRING_H 1
| #define HAVE_INTTYPES_H 1
| #define HAVE_STDINT_H 1
| #define HAVE_STRINGS_H 1
| #define HAVE_SYS_STAT_H 1
| #define HAVE_SYS_TYPES_H 1
| #define HAVE_UNISTD_H 1
| #define STDC_HEADERS 1
| #define SIZEOF_VOID_P 8
| #define SIZEOF_TIME_T 8
| #define inline inline
| #define HAVE___ATOMIC_LOAD_N 1
| #define HAVE___ATOMIC_STORE_N 1
| #define HAVE_FSEEKO 1
| /* end confdefs.h.  */
| #include <stddef.h>
| #ifdef HAVE_STDIO_H
| # include <stdio.h>
| #endif
| #ifdef HAVE_STDLIB_H
| # include <stdlib.h>
| #endif
| #ifdef HAVE_STRING_H
| # include <string.h>
| #endif
| #ifdef HAVE_INTTYPES_H
| # include <inttypes.h>
| #endif
| #ifdef HAVE_STDINT_H
| # include <stdint.h>
| #endif
| #ifdef HAVE_STRINGS_H
| # include <strings.h>
| #endif
| #ifdef HAVE_SYS_TYPES_H
| # include <sys/types.h>
| #endif
| #ifdef HAVE_SYS_STAT_H
| # include <sys/stat.h>
| #endif
| #ifdef HAVE_UNISTD_H
| # include <unistd.h>
| #endif
| #include <sys/ioccom.h>
configure:5384: result: no
configure:5390: checking for sys/sockio.h
configure:5390: gcc -c -g -O2  conftest.c >&5
conftest.c:53:10: fatal error: sys/sockio.h: No such file or directory
   53 | #include <sys/sockio.h>
      |          ^~~~~~~~~~~~~~
compilation terminated.
configure:5390: $? = 1
configure: failed program was:
| /* confdefs.h */
| #define PACKAGE_NAME "pcap"
| #define PACKAGE_TARNAME "pcap"
| #define PACKAGE_VERSION "1.10.5"
| #define PACKAGE_STRING "pcap 1.10.5"
| #define PACKAGE_BUGREPORT ""
| #define PACKAGE_URL ""
| #define HAVE_STDIO_H 1
| #define HAVE_STDLIB_H 1
| #define HAVE_STRING_H 1
| #define HAVE_INTTYPES_H 1
| #define HAVE_STDINT_H 1
| #define HAVE_STRINGS_H 1
| #define HAVE_SYS_STAT_H 1
| #define HAVE_SYS_TYPES_H 1
| #define HAVE_UNISTD_H 1
| #define STDC_HEADERS 1
| #define SIZEOF_VOID_P 8
| #define SIZEOF_TIME_T 8
| #define inline inline
| #define HAVE___ATOMIC_LOAD_N 1
| #define HAVE___ATOMIC_STORE_N 1
| #define HAVE_FSEEKO 1
| /* end confdefs.h.  */
| #include <stddef.h>
| #ifdef HAVE_STDIO_H
| # include <stdio.h>
| #endif
| #ifdef HAVE_STDLIB_H
| # include <stdlib.h>
| #endif
| #ifdef HAVE_STRING_H
| # include <string.h>
| #endif
| #ifdef HAVE_INTTYPES_H
| # include <inttypes.h>
| #endif
| #ifdef HAVE_STDINT_H
| # include <stdint.h>
| #endif
| #ifdef HAVE_STRINGS_H
| # include <strings.h>
| #endif
| #ifdef HAVE_SYS_TYPES_H
| # include <sys/types.h>
| #endif
| #ifdef HAVE_SYS_STAT_H
| # include <sys/stat.h>
| #endif
| #ifdef HAVE_UNISTD_H
| # include <unistd.h>
| #endif
| #include <sys/sockio.h>
configure:5390: result: no
configure:5397: checking for netpacket/packet.h
configure:5397: gcc -c -g -O2  conftest.c >&5
configure:5397: $? = 0
configure:5397: result: yes
configure:5472: checking for ANSI ioctl definitions
configure:5501: gcc -c -g -O2  conftest.c >&5
configure:5501: $? = 0
configure:5510: result: yes
configure:5524: checking for strerror_r
configure:5524: gcc -o conftest -g -O2   conftest.c  >&5
configure:5524: $? = 0
configure:5524: result: yes
configure:5532: checking whether strerror_r is GNU-style
configure:5551: gcc -c -g -O2  conftest.c >&5
configure:5551: $? = 0
configure:5555: result: yes
configure:5591: checking for vsyslog
configure:5591: gcc -o conftest -g -O2   conftest.c  >&5
configure:5591: $? = 0
configure:5591: result: yes
configure:5602: checking for vsnprintf
configure:5602: gcc -o conftest -g -O2   conftest.c  >&5
conftest.c:44:6: warning: conflicting types for built-in function 'vsnprintf'; expected 'int(char *, long unsigned int,  const char *, __va_list_tag *)' [-Wbuiltin-declaration-mismatch]
   44 | char vsnprintf ();
      |      ^~~~~~~~~
conftest.c:36:1: note: 'vsnprintf' is declared in header '<stdio.h>'
   35 | #include <limits.h>
   36 | #undef vsnprintf
configure:5602: $? = 0
configure:5602: result: yes
configure:5610: checking for snprintf
configure:5610: gcc -o conftest -g -O2   conftest.c  >&5
conftest.c:44:6: warning: conflicting types for built-in function 'snprintf'; expected 'int(char *, long unsigned int,  const char *, ...)' [-Wbuiltin-declaration-mismatch]
   44 | char snprintf ();
      |      ^~~~~~~~
conftest.c:36:1: note: 'snprintf' is declared in header '<stdio.h>'
   35 | #include <limits.h>
   36 | #undef snprintf
configure:5610: $? = 0
configure:5610: result: yes
configure:5624: checking for vasprintf
configure:5624: gcc -o conftest -g -O2   conftest.c  >&5
configure:5624: $? = 0
configure:5624: result: yes
configure:5624: checking for asprintf
configure:5624: gcc -o conftest -g -O2   conftest.c  >&5
configure:5624: $? = 0
configure:5624: result: yes
configure:5649: checking for strlcat
configure:5649: gcc -o conftest -g -O2   conftest.c  >&5
configure:5649: $? = 0
configure:5649: result: yes
configure:5672: checking for strlcpy
configure:5672: gcc -o conftest -g -O2   conftest.c  >&5
configure:5672: $? = 0
configure:5672: result: yes
configure:5695: checking for strtok_r
configure:5695: gcc -o conftest -g -O2   conftest.c  >&5
configure:5695: $? = 0
configure:5695: result: yes
configure:5717: checking for ffs
configure:5717: gcc -o conftest -g -O2   conftest.c  >&5
conftest.c:49:6: warning: conflicting types for built-in function 'ffs'; expected 'int(int)' [-Wbuiltin-declaration-mismatch]
   49 | char ffs ();
      |      ^~~
configure:5717: $? = 0
configure:5717: result: yes
configure:5731: checking for gcc options needed to detect all undeclared functions
configure:5753: gcc -c -g -O2   conftest.c >&5
conftest.c: In function 'main':
conftest.c:38:8: error: 'strchr' undeclared (first use in this function)
   38 | (void) strchr;
      |        ^~~~~~
conftest.c:1:1: note: 'strchr' is defined in header '<string.h>'; did you forget to '#include <string.h>'?
    1 | /* confdefs.h */
conftest.c:38:8: note: each undeclared identifier is reported only once for each function it appears in
   38 | (void) strchr;
      |        ^~~~~~
configure:5753: $? = 1
configure: failed program was:
| /* confdefs.h */
| #define PACKAGE_NAME "pcap"
| #define PACKAGE_TARNAME "pcap"
| #define PACKAGE_VERSION "1.10.5"
| #define PACKAGE_STRING "pcap 1.10.5"
| #define PACKAGE_BUGREPORT ""
| #define PACKAGE_URL ""
| #define HAVE_STDIO_H 1
| #define HAVE_STDLIB_H 1
| #define HAVE_STRING_H 1
| #define HAVE_INTTYPES_H 1
| #define HAVE_STDINT_H 1
| #define HAVE_STRINGS_H 1
| #define HAVE_SYS_STAT_H 1
| #define HAVE_SYS_TYPES_H 1
| #define HAVE_UNISTD_H 1
| #define STDC_HEADERS 1
| #define SIZEOF_VOID_P 8
| #define SIZEOF_TIME_T 8
| #define inline inline
| #define HAVE___ATOMIC_LOAD_N 1
| #define HAVE___ATOMIC_STORE_N 1
| #define HAVE_FSEEKO 1
| #define HAVE_NETPACKET_PACKET_H 1
| #define HAVE_GNU_STRERROR_R /**/
| #define HAVE_VSYSLOG 1
| #define HAVE_VASPRINTF 1
| #define HAVE_ASPRINTF 1
| #define HAVE_STRLCAT 1
| #define HAVE_STRLCPY 1
| #define HAVE_STRTOK_R 1
| #define HAVE_FFS 1
| /* end confdefs.h.  */
| 
| int
| main (void)
| {
| (void) strchr;
|   ;
|   return 0;
| }
configure:5780: gcc -c -g -O2   conftest.c >&5
configure:5780: $? = 0
configure:5797: result: none needed
configure:5811: checking whether ffs is declared
configure:5811: gcc -c -g -O2   conftest.c >&5
configure:5811: $? = 0
configure:5811: result: yes
configure:5835: checking for getaddrinfo
configure:5835: gcc -o conftest -g -O2   conftest.c  >&5
configure:5835: $? = 0
configure:5835: result: yes
configure:6030: checking for library containing putmsg
configure:6060: gcc -o conftest -g -O2   conftest.c  >&5
/usr/bin/ld: /tmp/ccEhFw3e.o: in function `main':
/home/mamoedus/VS/test_infotex/libs/libpcap-1.10.5/conftest.c:43:(.text.startup+0xb): undefined reference to `putmsg'
collect2: error: ld returned 1 exit status
configure:6060: $? = 1
configure: failed program was:
| /* confdefs.h */
| #define PACKAGE_NAME "pcap"
| #define PACKAGE_TARNAME "pcap"
| #define PACKAGE_VERSION "1.10.5"
| #define PACKAGE_STRING "pcap 1.10.5"
| #define PACKAGE_BUGREPORT ""
| #define PACKAGE_URL ""
| #define HAVE_STDIO_H 1
| #define HAVE_STDLIB_H 1
| #define HAVE_STRING_H 1
| #define HAVE_INTTYPES_H 1
| #define HAVE_STDINT_H 1
| #define HAVE_STRINGS_H 1
| #define HAVE_SYS_STAT_H 1
| #define HAVE_SYS_TYPES_H 1
| #define HAVE_UNISTD_H 1
| #define STDC_HEADERS 1
| #define SIZEOF_VOID_P 8
| #define SIZEOF_TIME_T 8
| #define inline inline
| #define HAVE___ATOMIC_LOAD_N 1
| #define HAVE___ATOMIC_STORE_N 1
| #define HAVE_FSEEKO 1
| #define HAVE_NETPACKET_PACKET_H 1
| #define HAVE_GNU_STRERROR_R /**/
| #define HAVE_VSYSLOG 1
| #define HAVE_VASPRINTF 1
| #define HAVE_ASPRINTF 1
| #define HAVE_STRLCAT 1
| #define HAVE_STRLCPY 1
| #define HAVE_STRTOK_R 1
| #define HAVE_FFS 1
| #define STRINGS_H_DECLARES_FFS /**/
| /* end confdefs.h.  */
| 
| /* Override any GCC internal prototype to avoid an error.
|    Use char because int might match the return type of a GCC
|    builtin and then its argument prototype would still apply.  */
| char putmsg ();
| int
| main (void)
| {
| return putmsg ();
|   ;
|   return 0;
| }
configure:6060: gcc -o conftest -g -O2   conftest.c -lstr   >&5
/usr/bin/ld: cannot find -lstr: No such file or directory
collect2: error: ld returned 1 exit status
configure:6060: $? = 1
configure: failed program was:
| /* confdefs.h */
| #define PACKAGE_NAME "pcap"
| #define PACKAGE_TARNAME "pcap"
| #define PACKAGE_VERSION "1.10.5"
| #define PACKAGE_STRING "pcap 1.10.5"
| #define PACKAGE_BUGREPORT ""
| #define PACKAGE_URL ""
| #define HAVE_STDIO_H 1
| #define HAVE_STDLIB_H 1
| #define HAVE_STRING_H 1
| #define HAVE_INTTYPES_H 1
| #define HAVE_STDINT_H 1
| #define HAVE_STRINGS_H 1
| #define HAVE_SYS_STAT_H 1
| #define HAVE_SYS_TYPES_H 1
| #define HAVE_UNISTD_H 1
| #define STDC_HEADERS 1
| #define SIZEOF_VOID_P 8
| #define SIZEOF_TIME_T 8
| #define inline inline
| #define HAVE___ATOMIC_LOAD_N 1
| #define HAVE___ATOMIC_STORE_N 1
| #define HAVE_FSEEKO 1
| #define HAVE_NETPACKET_PACKET_H 1
| #define HAVE_GNU_STRERROR_R /**/
| #define HAVE_VSYSLOG 1
| #define HAVE_VASPRINTF 1
| #define HAVE_ASPRINTF 1
| #define HAVE_STRLCAT 1
| #define HAVE_STRLCPY 1
| #define HAVE_STRTOK_R 1
| #define HAVE_FFS 1
| #define STRINGS_H_DECLARES_FFS /**/
| /* end confdefs.h.  */
| 
| /* Override any GCC internal prototype to avoid an error.
|    Use char because int might match the return type of a GCC
|    builtin and then its argument prototype would still apply.  */
| char putmsg ();
| int
| main (void)
| {
| return putmsg ();
|   ;
|   return 0;
| }
configure:6080: result: no
configure:6104: checking whether getnetbyname_r is declared
configure:6104: gcc -c -g -O2   conftest.c >&5
configure:6104: $? = 0
configure:6104: result: yes
configure:6109: checking for the Linux getnetbyname_r()
configure:6129: gcc -o conftest -g -O2   conftest.c  >&5
configure:6129: $? = 0
configure:6132: result: yes
configure:6234: checking whether getprotobyname_r is declared
configure:6234: gcc -c -g -O2   conftest.c >&5
configure:6234: $? = 0
configure:6234: result: yes
configure:6239: checking for the Linux getprotobyname_r()
configure:6258: gcc -o conftest -g -O2   conftest.c  >&5
configure:6258: $? = 0
configure:6261: result: yes
configure:6362: checking for ether_hostton
configure:6362: gcc -o conftest -g -O2   conftest.c  >&5
configure:6362: $? = 0
configure:6362: result: yes
configure:6376: checking whether ether_hostton is declared
configure:6376: gcc -c -g -O2   conftest.c >&5
conftest.c: In function 'main':
conftest.c:49:10: error: 'ether_hostton' undeclared (first use in this function)
   49 |   (void) ether_hostton;
      |          ^~~~~~~~~~~~~
conftest.c:49:10: note: each undeclared identifier is reported only once for each function it appears in
configure:6376: $? = 1
configure: failed program was:
| /* confdefs.h */
| #define PACKAGE_NAME "pcap"
| #define PACKAGE_TARNAME "pcap"
| #define PACKAGE_VERSION "1.10.5"
| #define PACKAGE_STRING "pcap 1.10.5"
| #define PACKAGE_BUGREPORT ""
| #define PACKAGE_URL ""
| #define HAVE_STDIO_H 1
| #define HAVE_STDLIB_H 1
| #define HAVE_STRING_H 1
| #define HAVE_INTTYPES_H 1
| #define HAVE_STDINT_H 1
| #define HAVE_STRINGS_H 1
| #define HAVE_SYS_STAT_H 1
| #define HAVE_SYS_TYPES_H 1
| #define HAVE_UNISTD_H 1
| #define STDC_HEADERS 1
| #define SIZEOF_VOID_P 8
| #define SIZEOF_TIME_T 8
| #define inline inline
| #define HAVE___ATOMIC_LOAD_N 1
| #define HAVE___ATOMIC_STORE_N 1
| #define HAVE_FSEEKO 1
| #define HAVE_NETPACKET_PACKET_H 1
| #define HAVE_GNU_STRERROR_R /**/
| #define HAVE_VSYSLOG 1
| #define HAVE_VASPRINTF 1
| #define HAVE_ASPRINTF 1
| #define HAVE_STRLCAT 1
| #define HAVE_STRLCPY 1
| #define HAVE_STRTOK_R 1
| #define HAVE_FFS 1
| #define STRINGS_H_DECLARES_FFS /**/
| #define HAVE_LINUX_GETNETBYNAME_R 1
| #define HAVE_LINUX_GETPROTOBYNAME_R 1
| #define HAVE_ETHER_HOSTTON 1
| /* end confdefs.h.  */
| 
| #include <net/ethernet.h>
| 
| 
| int
| main (void)
| {
| #ifndef ether_hostton
| #ifdef __cplusplus
|   (void) ether_hostton;
| #else
|   (void) ether_hostton;
| #endif
| #endif
| 
|   ;
|   return 0;
| }
configure:6376: result: no
configure:6403: checking whether ether_hostton is declared
configure:6403: gcc -c -g -O2   conftest.c >&5
configure:6403: $? = 0
configure:6403: result: yes
configure:6550: checking for pthread.h
configure:6550: gcc -c -g -O2  conftest.c >&5
configure:6550: $? = 0
configure:6550: result: yes
configure:6558: checking for pthread_create
configure:6558: gcc -o conftest -g -O2   conftest.c  >&5
configure:6558: $? = 0
configure:6558: result: yes
configure:6692: checking whether to enable the instrument functions code
configure:6714: result: no
configure:6719: checking if --disable-protochain option is specified
configure:6738: result: enabled
configure:6762: checking for net/bpf.h
configure:6762: gcc -c -g -O2  conftest.c >&5
conftest.c:68:10: fatal error: net/bpf.h: No such file or directory
   68 | #include <net/bpf.h>
      |          ^~~~~~~~~~~
compilation terminated.
configure:6762: $? = 1
configure: failed program was:
| /* confdefs.h */
| #define PACKAGE_NAME "pcap"
| #define PACKAGE_TARNAME "pcap"
| #define PACKAGE_VERSION "1.10.5"
| #define PACKAGE_STRING "pcap 1.10.5"
| #define PACKAGE_BUGREPORT ""
| #define PACKAGE_URL ""
| #define HAVE_STDIO_H 1
| #define HAVE_STDLIB_H 1
| #define HAVE_STRING_H 1
| #define HAVE_INTTYPES_H 1
| #define HAVE_STDINT_H 1
| #define HAVE_STRINGS_H 1
| #define HAVE_SYS_STAT_H 1
| #define HAVE_SYS_TYPES_H 1
| #define HAVE_UNISTD_H 1
| #define STDC_HEADERS 1
| #define SIZEOF_VOID_P 8
| #define SIZEOF_TIME_T 8
| #define inline inline
| #define HAVE___ATOMIC_LOAD_N 1
| #define HAVE___ATOMIC_STORE_N 1
| #define HAVE_FSEEKO 1
| #define HAVE_NETPACKET_PACKET_H 1
| #define HAVE_GNU_STRERROR_R /**/
| #define HAVE_VSYSLOG 1
| #define HAVE_VASPRINTF 1
| #define HAVE_ASPRINTF 1
| #define HAVE_STRLCAT 1
| #define HAVE_STRLCPY 1
| #define HAVE_STRTOK_R 1
| #define HAVE_FFS 1
| #define STRINGS_H_DECLARES_FFS /**/
| #define HAVE_LINUX_GETNETBYNAME_R 1
| #define HAVE_LINUX_GETPROTOBYNAME_R 1
| #define HAVE_ETHER_HOSTTON 1
| #define NETINET_ETHER_H_DECLARES_ETHER_HOSTTON /**/
| #define HAVE_DECL_ETHER_HOSTTON 1
| /* end confdefs.h.  */
| #include <stddef.h>
| #ifdef HAVE_STDIO_H
| # include <stdio.h>
| #endif
| #ifdef HAVE_STDLIB_H
| # include <stdlib.h>
| #endif
| #ifdef HAVE_STRING_H
| # include <string.h>
| #endif
| #ifdef HAVE_INTTYPES_H
| # include <inttypes.h>
| #endif
| #ifdef HAVE_STDINT_H
| # include <stdint.h>
| #endif
| #ifdef HAVE_STRINGS_H
| # include <strings.h>
| #endif
| #ifdef HAVE_SYS_TYPES_H
| # include <sys/types.h>
| #endif
| #ifdef HAVE_SYS_STAT_H
| # include <sys/stat.h>
| #endif
| #ifdef HAVE_UNISTD_H
| # include <unistd.h>
| #endif
| #include <net/bpf.h>
configure:6762: result: no
configure:6841: checking for net/pfilt.h
configure:6841: gcc -c -g -O2  conftest.c >&5
conftest.c:68:10: fatal error: net/pfilt.h: No such file or directory
   68 | #include <net/pfilt.h>
      |          ^~~~~~~~~~~~~
compilation terminated.
configure:6841: $? = 1
configure: failed program was:
| /* confdefs.h */
| #define PACKAGE_NAME "pcap"
| #define PACKAGE_TARNAME "pcap"
| #define PACKAGE_VERSION "1.10.5"
| #define PACKAGE_STRING "pcap 1.10.5"
| #define PACKAGE_BUGREPORT ""
| #define PACKAGE_URL ""
| #define HAVE_STDIO_H 1
| #define HAVE_STDLIB_H 1
| #define HAVE_STRING_H 1
| #define HAVE_INTTYPES_H 1
| #define HAVE_STDINT_H 1
| #define HAVE_STRINGS_H 1
| #define HAVE_SYS_STAT_H 1
| #define HAVE_SYS_TYPES_H 1
| #define HAVE_UNISTD_H 1
| #define STDC_HEADERS 1
| #define SIZEOF_VOID_P 8
| #define SIZEOF_TIME_T 8
| #define inline inline
| #define HAVE___ATOMIC_LOAD_N 1
| #define HAVE___ATOMIC_STORE_N 1
| #define HAVE_FSEEKO 1
| #define HAVE_NETPACKET_PACKET_H 1
| #define HAVE_GNU_STRERROR_R /**/
| #define HAVE_VSYSLOG 1
| #define HAVE_VASPRINTF 1
| #define HAVE_ASPRINTF 1
| #define HAVE_STRLCAT 1
| #define HAVE_STRLCPY 1
| #define HAVE_STRTOK_R 1
| #define HAVE_FFS 1
| #define STRINGS_H_DECLARES_FFS /**/
| #define HAVE_LINUX_GETNETBYNAME_R 1
| #define HAVE_LINUX_GETPROTOBYNAME_R 1
| #define HAVE_ETHER_HOSTTON 1
| #define NETINET_ETHER_H_DECLARES_ETHER_HOSTTON /**/
| #define HAVE_DECL_ETHER_HOSTTON 1
| /* end confdefs.h.  */
| #include <stddef.h>
| #ifdef HAVE_STDIO_H
| # include <stdio.h>
| #endif
| #ifdef HAVE_STDLIB_H
| # include <stdlib.h>
| #endif
| #ifdef HAVE_STRING_H
| # include <string.h>
| #endif
| #ifdef HAVE_INTTYPES_H
| # include <inttypes.h>
| #endif
| #ifdef HAVE_STDINT_H
| # include <stdint.h>
| #endif
| #ifdef HAVE_STRINGS_H
| # include <strings.h>
| #endif
| #ifdef HAVE_SYS_TYPES_H
| # include <sys/types.h>
| #endif
| #ifdef HAVE_SYS_STAT_H
| # include <sys/stat.h>
| #endif
| #ifdef HAVE_UNISTD_H
| # include <unistd.h>
| #endif
| #include <net/pfilt.h>
configure:6841: result: no
configure:6847: checking for net/enet.h
configure:6847: gcc -c -g -O2  conftest.c >&5
conftest.c:68:10: fatal error: net/enet.h: No such file or directory
   68 | #include <net/enet.h>
      |          ^~~~~~~~~~~~
compilation terminated.
configure:6847: $? = 1
configure: failed program was:
| /* confdefs.h */
| #define PACKAGE_NAME "pcap"
| #define PACKAGE_TARNAME "pcap"
| #define PACKAGE_VERSION "1.10.5"
| #define PACKAGE_STRING "pcap 1.10.5"
| #define PACKAGE_BUGREPORT ""
| #define PACKAGE_URL ""
| #define HAVE_STDIO_H 1
| #define HAVE_STDLIB_H 1
| #define HAVE_STRING_H 1
| #define HAVE_INTTYPES_H 1
| #define HAVE_STDINT_H 1
| #define HAVE_STRINGS_H 1
| #define HAVE_SYS_STAT_H 1
| #define HAVE_SYS_TYPES_H 1
| #define HAVE_UNISTD_H 1
| #define STDC_HEADERS 1
| #define SIZEOF_VOID_P 8
| #define SIZEOF_TIME_T 8
| #define inline inline
| #define HAVE___ATOMIC_LOAD_N 1
| #define HAVE___ATOMIC_STORE_N 1
| #define HAVE_FSEEKO 1
| #define HAVE_NETPACKET_PACKET_H 1
| #define HAVE_GNU_STRERROR_R /**/
| #define HAVE_VSYSLOG 1
| #define HAVE_VASPRINTF 1
| #define HAVE_ASPRINTF 1
| #define HAVE_STRLCAT 1
| #define HAVE_STRLCPY 1
| #define HAVE_STRTOK_R 1
| #define HAVE_FFS 1
| #define STRINGS_H_DECLARES_FFS /**/
| #define HAVE_LINUX_GETNETBYNAME_R 1
| #define HAVE_LINUX_GETPROTOBYNAME_R 1
| #define HAVE_ETHER_HOSTTON 1
| #define NETINET_ETHER_H_DECLARES_ETHER_HOSTTON /**/
| #define HAVE_DECL_ETHER_HOSTTON 1
| /* end confdefs.h.  */
| #include <stddef.h>
| #ifdef HAVE_STDIO_H
| # include <stdio.h>
| #endif
| #ifdef HAVE_STDLIB_H
| # include <stdlib.h>
| #endif
| #ifdef HAVE_STRING_H
| # include <string.h>
| #endif
| #ifdef HAVE_INTTYPES_H
| # include <inttypes.h>
| #endif
| #ifdef HAVE_STDINT_H
| # include <stdint.h>
| #endif
| #ifdef HAVE_STRINGS_H
| # include <strings.h>
| #endif
| #ifdef HAVE_SYS_TYPES_H
| # include <sys/types.h>
| #endif
| #ifdef HAVE_SYS_STAT_H
| # include <sys/stat.h>
| #endif
| #ifdef HAVE_UNISTD_H
| # include <unistd.h>
| #endif
| #include <net/enet.h>
configure:6847: result: no
configure:6854: checking for net/nit.h
configure:6854: gcc -c -g -O2  conftest.c >&5
conftest.c:68:10: fatal error: net/nit.h: No such file or directory
   68 | #include <net/nit.h>
      |          ^~~~~~~~~~~
compilation terminated.
configure:6854: $? = 1
configure: failed program was:
| /* confdefs.h */
| #define PACKAGE_NAME "pcap"
| #define PACKAGE_TARNAME "pcap"
| #define PACKAGE_VERSION "1.10.5"
| #define PACKAGE_STRING "pcap 1.10.5"
| #define PACKAGE_BUGREPORT ""
| #define PACKAGE_URL ""
| #define HAVE_STDIO_H 1
| #define HAVE_STDLIB_H 1
| #define HAVE_STRING_H 1
| #define HAVE_INTTYPES_H 1
| #define HAVE_STDINT_H 1
| #define HAVE_STRINGS_H 1
| #define HAVE_SYS_STAT_H 1
| #define HAVE_SYS_TYPES_H 1
| #define HAVE_UNISTD_H 1
| #define STDC_HEADERS 1
| #define SIZEOF_VOID_P 8
| #define SIZEOF_TIME_T 8
| #define inline inline
| #define HAVE___ATOMIC_LOAD_N 1
| #define HAVE___ATOMIC_STORE_N 1
| #define HAVE_FSEEKO 1
| #define HAVE_NETPACKET_PACKET_H 1
| #define HAVE_GNU_STRERROR_R /**/
| #define HAVE_VSYSLOG 1
| #define HAVE_VASPRINTF 1
| #define HAVE_ASPRINTF 1
| #define HAVE_STRLCAT 1
| #define HAVE_STRLCPY 1
| #define HAVE_STRTOK_R 1
| #define HAVE_FFS 1
| #define STRINGS_H_DECLARES_FFS /**/
| #define HAVE_LINUX_GETNETBYNAME_R 1
| #define HAVE_LINUX_GETPROTOBYNAME_R 1
| #define HAVE_ETHER_HOSTTON 1
| #define NETINET_ETHER_H_DECLARES_ETHER_HOSTTON /**/
| #define HAVE_DECL_ETHER_HOSTTON 1
| /* end confdefs.h.  */
| #include <stddef.h>
| #ifdef HAVE_STDIO_H
| # include <stdio.h>
| #endif
| #ifdef HAVE_STDLIB_H
| # include <stdlib.h>
| #endif
| #ifdef HAVE_STRING_H
| # include <string.h>
| #endif
| #ifdef HAVE_INTTYPES_H
| # include <inttypes.h>
| #endif
| #ifdef HAVE_STDINT_H
| # include <stdint.h>
| #endif
| #ifdef HAVE_STRINGS_H
| # include <strings.h>
| #endif
| #ifdef HAVE_SYS_TYPES_H
| # include <sys/types.h>
| #endif
| #ifdef HAVE_SYS_STAT_H
| # include <sys/stat.h>
| #endif
| #ifdef HAVE_UNISTD_H
| # include <unistd.h>
| #endif
| #include <net/nit.h>
configure:6854: result: no
configure:6860: checking for sys/net/nit.h
configure:6860: gcc -c -g -O2  conftest.c >&5
conftest.c:68:10: fatal error: sys/net/nit.h: No such file or directory
   68 | #include <sys/net/nit.h>
      |          ^~~~~~~~~~~~~~~
compilation terminated.
configure:6860: $? = 1
configure: failed program was:
| /* confdefs.h */
| #define PACKAGE_NAME "pcap"
| #define PACKAGE_TARNAME "pcap"
| #define PACKAGE_VERSION "1.10.5"
| #define PACKAGE_STRING "pcap 1.10.5"
| #define PACKAGE_BUGREPORT ""
| #define PACKAGE_URL ""
| #define HAVE_STDIO_H 1
| #define HAVE_STDLIB_H 1
| #define HAVE_STRING_H 1
| #define HAVE_INTTYPES_H 1
| #define HAVE_STDINT_H 1
| #define HAVE_STRINGS_H 1
| #define HAVE_SYS_STAT_H 1
| #define HAVE_SYS_TYPES_H 1
| #define HAVE_UNISTD_H 1
| #define STDC_HEADERS 1
| #define SIZEOF_VOID_P 8
| #define SIZEOF_TIME_T 8
| #define inline inline
| #define HAVE___ATOMIC_LOAD_N 1
| #define HAVE___ATOMIC_STORE_N 1
| #define HAVE_FSEEKO 1
| #define HAVE_NETPACKET_PACKET_H 1
| #define HAVE_GNU_STRERROR_R /**/
| #define HAVE_VSYSLOG 1
| #define HAVE_VASPRINTF 1
| #define HAVE_ASPRINTF 1
| #define HAVE_STRLCAT 1
| #define HAVE_STRLCPY 1
| #define HAVE_STRTOK_R 1
| #define HAVE_FFS 1
| #define STRINGS_H_DECLARES_FFS /**/
| #define HAVE_LINUX_GETNETBYNAME_R 1
| #define HAVE_LINUX_GETPROTOBYNAME_R 1
| #define HAVE_ETHER_HOSTTON 1
| #define NETINET_ETHER_H_DECLARES_ETHER_HOSTTON /**/
| #define HAVE_DECL_ETHER_HOSTTON 1
| /* end confdefs.h.  */
| #include <stddef.h>
| #ifdef HAVE_STDIO_H
| # include <stdio.h>
| #endif
| #ifdef HAVE_STDLIB_H
| # include <stdlib.h>
| #endif
| #ifdef HAVE_STRING_H
| # include <string.h>
| #endif
| #ifdef HAVE_INTTYPES_H
| # include <inttypes.h>
| #endif
| #ifdef HAVE_STDINT_H
| # include <stdint.h>
| #endif
| #ifdef HAVE_STRINGS_H
| # include <strings.h>
| #endif
| #ifdef HAVE_SYS_TYPES_H
| # include <sys/types.h>
| #endif
| #ifdef HAVE_SYS_STAT_H
| # include <sys/stat.h>
| #endif
| #ifdef HAVE_UNISTD_H
| # include <unistd.h>
| #endif
| #include <sys/net/nit.h>
configure:6860: result: no
configure:6867: checking for linux/socket.h
configure:6867: gcc -c -g -O2  conftest.c >&5
configure:6867: $? = 0
configure:6867: result: yes
configure:6873: checking for net/raw.h
configure:6873: gcc -c -g -O2  conftest.c >&5
conftest.c:69:10: fatal error: net/raw.h: No such file or directory
   69 | #include <net/raw.h>
      |          ^~~~~~~~~~~
compilation terminated.
configure:6873: $? = 1
configure: failed program was:
| /* confdefs.h */
| #define PACKAGE_NAME "pcap"
| #define PACKAGE_TARNAME "pcap"
| #define PACKAGE_VERSION "1.10.5"
| #define PACKAGE_STRING "pcap 1.10.5"
| #define PACKAGE_BUGREPORT ""
| #define PACKAGE_URL ""
| #define HAVE_STDIO_H 1
| #define HAVE_STDLIB_H 1
| #define HAVE_STRING_H 1
| #define HAVE_INTTYPES_H 1
| #define HAVE_STDINT_H 1
| #define HAVE_STRINGS_H 1
| #define HAVE_SYS_STAT_H 1
| #define HAVE_SYS_TYPES_H 1
| #define HAVE_UNISTD_H 1
| #define STDC_HEADERS 1
| #define SIZEOF_VOID_P 8
| #define SIZEOF_TIME_T 8
| #define inline inline
| #define HAVE___ATOMIC_LOAD_N 1
| #define HAVE___ATOMIC_STORE_N 1
| #define HAVE_FSEEKO 1
| #define HAVE_NETPACKET_PACKET_H 1
| #define HAVE_GNU_STRERROR_R /**/
| #define HAVE_VSYSLOG 1
| #define HAVE_VASPRINTF 1
| #define HAVE_ASPRINTF 1
| #define HAVE_STRLCAT 1
| #define HAVE_STRLCPY 1
| #define HAVE_STRTOK_R 1
| #define HAVE_FFS 1
| #define STRINGS_H_DECLARES_FFS /**/
| #define HAVE_LINUX_GETNETBYNAME_R 1
| #define HAVE_LINUX_GETPROTOBYNAME_R 1
| #define HAVE_ETHER_HOSTTON 1
| #define NETINET_ETHER_H_DECLARES_ETHER_HOSTTON /**/
| #define HAVE_DECL_ETHER_HOSTTON 1
| #define HAVE_LINUX_SOCKET_H 1
| /* end confdefs.h.  */
| #include <stddef.h>
| #ifdef HAVE_STDIO_H
| # include <stdio.h>
| #endif
| #ifdef HAVE_STDLIB_H
| # include <stdlib.h>
| #endif
| #ifdef HAVE_STRING_H
| # include <string.h>
| #endif
| #ifdef HAVE_INTTYPES_H
| # include <inttypes.h>
| #endif
| #ifdef HAVE_STDINT_H
| # include <stdint.h>
| #endif
| #ifdef HAVE_STRINGS_H
| # include <strings.h>
| #endif
| #ifdef HAVE_SYS_TYPES_H
| # include <sys/types.h>
| #endif
| #ifdef HAVE_SYS_STAT_H
| # include <sys/stat.h>
| #endif
| #ifdef HAVE_UNISTD_H
| # include <unistd.h>
| #endif
| #include <net/raw.h>
configure:6873: result: no
configure:6879: checking for sys/dlpi.h
configure:6879: gcc -c -g -O2  conftest.c >&5
conftest.c:69:10: fatal error: sys/dlpi.h: No such file or directory
   69 | #include <sys/dlpi.h>
      |          ^~~~~~~~~~~~
compilation terminated.
configure:6879: $? = 1
configure: failed program was:
| /* confdefs.h */
| #define PACKAGE_NAME "pcap"
| #define PACKAGE_TARNAME "pcap"
| #define PACKAGE_VERSION "1.10.5"
| #define PACKAGE_STRING "pcap 1.10.5"
| #define PACKAGE_BUGREPORT ""
| #define PACKAGE_URL ""
| #define HAVE_STDIO_H 1
| #define HAVE_STDLIB_H 1
| #define HAVE_STRING_H 1
| #define HAVE_INTTYPES_H 1
| #define HAVE_STDINT_H 1
| #define HAVE_STRINGS_H 1
| #define HAVE_SYS_STAT_H 1
| #define HAVE_SYS_TYPES_H 1
| #define HAVE_UNISTD_H 1
| #define STDC_HEADERS 1
| #define SIZEOF_VOID_P 8
| #define SIZEOF_TIME_T 8
| #define inline inline
| #define HAVE___ATOMIC_LOAD_N 1
| #define HAVE___ATOMIC_STORE_N 1
| #define HAVE_FSEEKO 1
| #define HAVE_NETPACKET_PACKET_H 1
| #define HAVE_GNU_STRERROR_R /**/
| #define HAVE_VSYSLOG 1
| #define HAVE_VASPRINTF 1
| #define HAVE_ASPRINTF 1
| #define HAVE_STRLCAT 1
| #define HAVE_STRLCPY 1
| #define HAVE_STRTOK_R 1
| #define HAVE_FFS 1
| #define STRINGS_H_DECLARES_FFS /**/
| #define HAVE_LINUX_GETNETBYNAME_R 1
| #define HAVE_LINUX_GETPROTOBYNAME_R 1
| #define HAVE_ETHER_HOSTTON 1
| #define NETINET_ETHER_H_DECLARES_ETHER_HOSTTON /**/
| #define HAVE_DECL_ETHER_HOSTTON 1
| #define HAVE_LINUX_SOCKET_H 1
| /* end confdefs.h.  */
| #include <stddef.h>
| #ifdef HAVE_STDIO_H
| # include <stdio.h>
| #endif
| #ifdef HAVE_STDLIB_H
| # include <stdlib.h>
| #endif
| #ifdef HAVE_STRING_H
| # include <string.h>
| #endif
| #ifdef HAVE_INTTYPES_H
| # include <inttypes.h>
| #endif
| #ifdef HAVE_STDINT_H
| # include <stdint.h>
| #endif
| #ifdef HAVE_STRINGS_H
| # include <strings.h>
| #endif
| #ifdef HAVE_SYS_TYPES_H
| # include <sys/types.h>
| #endif
| #ifdef HAVE_SYS_STAT_H
| # include <sys/stat.h>
| #endif
| #ifdef HAVE_UNISTD_H
| # include <unistd.h>
| #endif
| #include <sys/dlpi.h>
configure:6879: result: no
configure:6886: checking for config/HaikuConfig.h
configure:6886: gcc -c -g -O2  conftest.c >&5
conftest.c:69:10: fatal error: config/HaikuConfig.h: No such file or directory
   69 | #include <config/HaikuConfig.h>
      |          ^~~~~~~~~~~~~~~~~~~~~~
compilation terminated.
configure:6886: $? = 1
configure: failed program was:
| /* confdefs.h */
| #define PACKAGE_NAME "pcap"
| #define PACKAGE_TARNAME "pcap"
| #define PACKAGE_VERSION "1.10.5"
| #define PACKAGE_STRING "pcap 1.10.5"
| #define PACKAGE_BUGREPORT ""
| #define PACKAGE_URL ""
| #define HAVE_STDIO_H 1
| #define HAVE_STDLIB_H 1
| #define HAVE_STRING_H 1
| #define HAVE_INTTYPES_H 1
| #define HAVE_STDINT_H 1
| #define HAVE_STRINGS_H 1
| #define HAVE_SYS_STAT_H 1
| #define HAVE_SYS_TYPES_H 1
| #define HAVE_UNISTD_H 1
| #define STDC_HEADERS 1
| #define SIZEOF_VOID_P 8
| #define SIZEOF_TIME_T 8
| #define inline inline
| #define HAVE___ATOMIC_LOAD_N 1
| #define HAVE___ATOMIC_STORE_N 1
| #define HAVE_FSEEKO 1
| #define HAVE_NETPACKET_PACKET_H 1
| #define HAVE_GNU_STRERROR_R /**/
| #define HAVE_VSYSLOG 1
| #define HAVE_VASPRINTF 1
| #define HAVE_ASPRINTF 1
| #define HAVE_STRLCAT 1
| #define HAVE_STRLCPY 1
| #define HAVE_STRTOK_R 1
| #define HAVE_FFS 1
| #define STRINGS_H_DECLARES_FFS /**/
| #define HAVE_LINUX_GETNETBYNAME_R 1
| #define HAVE_LINUX_GETPROTOBYNAME_R 1
| #define HAVE_ETHER_HOSTTON 1
| #define NETINET_ETHER_H_DECLARES_ETHER_HOSTTON /**/
| #define HAVE_DECL_ETHER_HOSTTON 1
| #define HAVE_LINUX_SOCKET_H 1
| /* end confdefs.h.  */
| #include <stddef.h>
| #ifdef HAVE_STDIO_H
| # include <stdio.h>
| #endif
| #ifdef HAVE_STDLIB_H
| # include <stdlib.h>
| #endif
| #ifdef HAVE_STRING_H
| # include <string.h>
| #endif
| #ifdef HAVE_INTTYPES_H
| # include <inttypes.h>
| #endif
| #ifdef HAVE_STDINT_H
| # include <stdint.h>
| #endif
| #ifdef HAVE_STRINGS_H
| # include <strings.h>
| #endif
| #ifdef HAVE_SYS_TYPES_H
| # include <sys/types.h>
| #endif
| #ifdef HAVE_SYS_STAT_H
| # include <sys/stat.h>
| #endif
| #ifdef HAVE_UNISTD_H
| # include <unistd.h>
| #endif
| #include <config/HaikuConfig.h>
configure:6886: result: no
configure:6970: checking packet capture type
configure:6972: result: linux
configure:7038: checking for pkg-config
configure:7061: found /usr/bin/pkg-config
configure:7073: result: /usr/bin/pkg-config
configure:7098: checking pkg-config is at least version 0.17.0
configure:7101: result: yes
configure:7115: checking for brew
configure:7153: result: no
configure:7424: checking for linux/wireless.h
configure:7424: gcc -c -g -O2  conftest.c >&5
configure:7424: $? = 0
configure:7424: result: yes
configure:7461: checking for libnl-genl-3.0 with pkg-config
configure:7465: $PKG_CONFIG --exists --print-errors "libnl-genl-3.0"
Package libnl-genl-3.0 was not found in the pkg-config search path.
Perhaps you should add the directory containing `libnl-genl-3.0.pc'
to the PKG_CONFIG_PATH environment variable
Package 'libnl-genl-3.0', required by 'virtual:world', not found
configure:7468: $? = 1
configure:7559: result: not found
configure:7591: checking for nl_socket_alloc in -lnl-3
configure:7614: gcc -o conftest -g -O2   conftest.c -lnl-3 -I/usr/include/libnl3  -lnl-genl-3 -lnl-3   >&5
/usr/bin/ld: cannot find -lnl-3: No such file or directory
/usr/bin/ld: cannot find -lnl-genl-3: No such file or directory
/usr/bin/ld: cannot find -lnl-3: No such file or directory
collect2: error: ld returned 1 exit status
configure:7614: $? = 1
configure: failed program was:
| /* confdefs.h */
| #define PACKAGE_NAME "pcap"
| #define PACKAGE_TARNAME "pcap"
| #define PACKAGE_VERSION "1.10.5"
| #define PACKAGE_STRING "pcap 1.10.5"
| #define PACKAGE_BUGREPORT ""
| #define PACKAGE_URL ""
| #define HAVE_STDIO_H 1
| #define HAVE_STDLIB_H 1
| #define HAVE_STRING_H 1
| #define HAVE_INTTYPES_H 1
| #define HAVE_STDINT_H 1
| #define HAVE_STRINGS_H 1
| #define HAVE_SYS_STAT_H 1
| #define HAVE_SYS_TYPES_H 1
| #define HAVE_UNISTD_H 1
| #define STDC_HEADERS 1
| #define SIZEOF_VOID_P 8
| #define SIZEOF_TIME_T 8
| #define inline inline
| #define HAVE___ATOMIC_LOAD_N 1
| #define HAVE___ATOMIC_STORE_N 1
| #define HAVE_FSEEKO 1
| #define HAVE_NETPACKET_PACKET_H 1
| #define HAVE_GNU_STRERROR_R /**/
| #define HAVE_VSYSLOG 1
| #define HAVE_VASPRINTF 1
| #define HAVE_ASPRINTF 1
| #define HAVE_STRLCAT 1
| #define HAVE_STRLCPY 1
| #define HAVE_STRTOK_R 1
| #define HAVE_FFS 1
| #define STRINGS_H_DECLARES_FFS /**/
| #define HAVE_LINUX_GETNETBYNAME_R 1
| #define HAVE_LINUX_GETPROTOBYNAME_R 1
| #define HAVE_ETHER_HOSTTON 1
| #define NETINET_ETHER_H_DECLARES_ETHER_HOSTTON /**/
| #define HAVE_DECL_ETHER_HOSTTON 1
| #define HAVE_LINUX_SOCKET_H 1
| #define HAVE_LINUX_WIRELESS_H 1
| /* end confdefs.h.  */
| 
| /* Override any GCC internal prototype to avoid an error.
|    Use char because int might match the return type of a GCC
|    builtin and then its argument prototype would still apply.  */
| char nl_socket_alloc ();
| int
| main (void)
| {
| return nl_socket_alloc ();
|   ;
|   return 0;
| }
configure:7624: result: no
configure:7664: checking for struct tpacket_auxdata.tp_vlan_tci
configure:7664: gcc -c -g -O2  conftest.c >&5
configure:7664: $? = 0
configure:7664: result: yes
configure:7817: checking for getifaddrs
configure:7817: gcc -o conftest -g -O2   conftest.c  >&5
configure:7817: $? = 0
configure:7817: result: yes
configure:7825: checking for ifaddrs.h
configure:7825: gcc -c -g -O2  conftest.c >&5
configure:7825: $? = 0
configure:7825: result: yes
configure:7914: checking for linux/net_tstamp.h
configure:7914: gcc -c -g -O2  conftest.c >&5
configure:7914: $? = 0
configure:7914: result: yes
configure:7931: checking for socklen_t
configure:7931: gcc -c -g -O2  conftest.c >&5
configure:7931: $? = 0
configure:7931: gcc -c -g -O2  conftest.c >&5
conftest.c: In function 'main':
conftest.c:52:24: error: expected expression before ')' token
   52 | if (sizeof ((socklen_t)))
      |                        ^
configure:7931: $? = 1
configure: failed program was:
| /* confdefs.h */
| #define PACKAGE_NAME "pcap"
| #define PACKAGE_TARNAME "pcap"
| #define PACKAGE_VERSION "1.10.5"
| #define PACKAGE_STRING "pcap 1.10.5"
| #define PACKAGE_BUGREPORT ""
| #define PACKAGE_URL ""
| #define HAVE_STDIO_H 1
| #define HAVE_STDLIB_H 1
| #define HAVE_STRING_H 1
| #define HAVE_INTTYPES_H 1
| #define HAVE_STDINT_H 1
| #define HAVE_STRINGS_H 1
| #define HAVE_SYS_STAT_H 1
| #define HAVE_SYS_TYPES_H 1
| #define HAVE_UNISTD_H 1
| #define STDC_HEADERS 1
| #define SIZEOF_VOID_P 8
| #define SIZEOF_TIME_T 8
| #define inline inline
| #define HAVE___ATOMIC_LOAD_N 1
| #define HAVE___ATOMIC_STORE_N 1
| #define HAVE_FSEEKO 1
| #define HAVE_NETPACKET_PACKET_H 1
| #define HAVE_GNU_STRERROR_R /**/
| #define HAVE_VSYSLOG 1
| #define HAVE_VASPRINTF 1
| #define HAVE_ASPRINTF 1
| #define HAVE_STRLCAT 1
| #define HAVE_STRLCPY 1
| #define HAVE_STRTOK_R 1
| #define HAVE_FFS 1
| #define STRINGS_H_DECLARES_FFS /**/
| #define HAVE_LINUX_GETNETBYNAME_R 1
| #define HAVE_LINUX_GETPROTOBYNAME_R 1
| #define HAVE_ETHER_HOSTTON 1
| #define NETINET_ETHER_H_DECLARES_ETHER_HOSTTON /**/
| #define HAVE_DECL_ETHER_HOSTTON 1
| #define HAVE_LINUX_SOCKET_H 1
| #define HAVE_LINUX_WIRELESS_H 1
| #define HAVE_STRUCT_TPACKET_AUXDATA_TP_VLAN_TCI 1
| #define HAVE_LINUX_NET_TSTAMP_H 1
| /* end confdefs.h.  */
| 
| 	#include <sys/types.h>
| 	#include <sys/socket.h>
| 
| 
| int
| main (void)
| {
| if (sizeof ((socklen_t)))
| 	    return 0;
|   ;
|   return 0;
| }
configure:7931: result: yes
configure:8055: checking for dagapi.h
configure:8055: gcc -c -g -O2 -I/usr/local/include  conftest.c >&5
conftest.c:74:10: fatal error: dagapi.h: No such file or directory
   74 | #include <dagapi.h>
      |          ^~~~~~~~~~
compilation terminated.
configure:8055: $? = 1
configure: failed program was:
| /* confdefs.h */
| #define PACKAGE_NAME "pcap"
| #define PACKAGE_TARNAME "pcap"
| #define PACKAGE_VERSION "1.10.5"
| #define PACKAGE_STRING "pcap 1.10.5"
| #define PACKAGE_BUGREPORT ""
| #define PACKAGE_URL ""
| #define HAVE_STDIO_H 1
| #define HAVE_STDLIB_H 1
| #define HAVE_STRING_H 1
| #define HAVE_INTTYPES_H 1
| #define HAVE_STDINT_H 1
| #define HAVE_STRINGS_H 1
| #define HAVE_SYS_STAT_H 1
| #define HAVE_SYS_TYPES_H 1
| #define HAVE_UNISTD_H 1
| #define STDC_HEADERS 1
| #define SIZEOF_VOID_P 8
| #define SIZEOF_TIME_T 8
| #define inline inline
| #define HAVE___ATOMIC_LOAD_N 1
| #define HAVE___ATOMIC_STORE_N 1
| #define HAVE_FSEEKO 1
| #define HAVE_NETPACKET_PACKET_H 1
| #define HAVE_GNU_STRERROR_R /**/
| #define HAVE_VSYSLOG 1
| #define HAVE_VASPRINTF 1
| #define HAVE_ASPRINTF 1
| #define HAVE_STRLCAT 1
| #define HAVE_STRLCPY 1
| #define HAVE_STRTOK_R 1
| #define HAVE_FFS 1
| #define STRINGS_H_DECLARES_FFS /**/
| #define HAVE_LINUX_GETNETBYNAME_R 1
| #define HAVE_LINUX_GETPROTOBYNAME_R 1
| #define HAVE_ETHER_HOSTTON 1
| #define NETINET_ETHER_H_DECLARES_ETHER_HOSTTON /**/
| #define HAVE_DECL_ETHER_HOSTTON 1
| #define HAVE_LINUX_SOCKET_H 1
| #define HAVE_LINUX_WIRELESS_H 1
| #define HAVE_STRUCT_TPACKET_AUXDATA_TP_VLAN_TCI 1
| #define HAVE_LINUX_NET_TSTAMP_H 1
| #define HAVE_SOCKLEN_T 1
| #define INET6 1
| /* end confdefs.h.  */
| #include <stddef.h>
| #ifdef HAVE_STDIO_H
| # include <stdio.h>
| #endif
| #ifdef HAVE_STDLIB_H
| # include <stdlib.h>
| #endif
| #ifdef HAVE_STRING_H
| # include <string.h>
| #endif
| #ifdef HAVE_INTTYPES_H
| # include <inttypes.h>
| #endif
| #ifdef HAVE_STDINT_H
| # include <stdint.h>
| #endif
| #ifdef HAVE_STRINGS_H
| # include <strings.h>
| #endif
| #ifdef HAVE_SYS_TYPES_H
| # include <sys/types.h>
| #endif
| #ifdef HAVE_SYS_STAT_H
| # include <sys/stat.h>
| #endif
| #ifdef HAVE_UNISTD_H
| # include <unistd.h>
| #endif
| #include <dagapi.h>
configure:8055: result: no
configure:8404: checking whether we have Septel API headers
configure:8435: result: no
configure:8518: checking whether we have Myricom Sniffer API
configure:8616: result: no
configure:8670: checking whether TurboCap is supported
configure:8702: gcc -c -g -O2  conftest.c >&5
conftest.c:47:22: fatal error: TcApi.h: No such file or directory
   47 |             #include <TcApi.h>
      |                      ^~~~~~~~~
compilation terminated.
configure:8702: $? = 1
configure: failed program was:
| /* confdefs.h */
| #define PACKAGE_NAME "pcap"
| #define PACKAGE_TARNAME "pcap"
| #define PACKAGE_VERSION "1.10.5"
| #define PACKAGE_STRING "pcap 1.10.5"
| #define PACKAGE_BUGREPORT ""
| #define PACKAGE_URL ""
| #define HAVE_STDIO_H 1
| #define HAVE_STDLIB_H 1
| #define HAVE_STRING_H 1
| #define HAVE_INTTYPES_H 1
| #define HAVE_STDINT_H 1
| #define HAVE_STRINGS_H 1
| #define HAVE_SYS_STAT_H 1
| #define HAVE_SYS_TYPES_H 1
| #define HAVE_UNISTD_H 1
| #define STDC_HEADERS 1
| #define SIZEOF_VOID_P 8
| #define SIZEOF_TIME_T 8
| #define inline inline
| #define HAVE___ATOMIC_LOAD_N 1
| #define HAVE___ATOMIC_STORE_N 1
| #define HAVE_FSEEKO 1
| #define HAVE_NETPACKET_PACKET_H 1
| #define HAVE_GNU_STRERROR_R /**/
| #define HAVE_VSYSLOG 1
| #define HAVE_VASPRINTF 1
| #define HAVE_ASPRINTF 1
| #define HAVE_STRLCAT 1
| #define HAVE_STRLCPY 1
| #define HAVE_STRTOK_R 1
| #define HAVE_FFS 1
| #define STRINGS_H_DECLARES_FFS /**/
| #define HAVE_LINUX_GETNETBYNAME_R 1
| #define HAVE_LINUX_GETPROTOBYNAME_R 1
| #define HAVE_ETHER_HOSTTON 1
| #define NETINET_ETHER_H_DECLARES_ETHER_HOSTTON /**/
| #define HAVE_DECL_ETHER_HOSTTON 1
| #define HAVE_LINUX_SOCKET_H 1
| #define HAVE_LINUX_WIRELESS_H 1
| #define HAVE_STRUCT_TPACKET_AUXDATA_TP_VLAN_TCI 1
| #define HAVE_LINUX_NET_TSTAMP_H 1
| #define HAVE_SOCKLEN_T 1
| #define INET6 1
| /* end confdefs.h.  */
| 
| 	    #include <TcApi.h>
| 
| int
| main (void)
| {
| 
| 	    TC_INSTANCE a; TC_PORT b; TC_BOARD c;
| 	    TC_INSTANCE i;
| 	    (void)TcInstanceCreateByName("foo", &i);
| 
|   ;
|   return 0;
| }
configure:8727: result: no
configure:8737: checking whether to enable remote packet capture
configure:9186: result: no
configure:9191: checking whether to build optimizer debugging code
configure:9204: result: no
configure:9207: checking whether to build parser debugging code
configure:9220: result: no
configure:9230: checking for flex
configure:9251: found /usr/bin/flex
configure:9262: result: flex
configure:9311: checking for lex output file root
configure:9324: flex conftest.l
configure:9328: $? = 0
configure:9336: result: lex.yy
configure:9351: checking for lex library
configure:9376: gcc -o conftest -g -O2   conftest.c  >&5
configure:9376: $? = 0
configure:9389: result: none needed
configure:9404: checking for library containing yywrap
configure:9434: gcc -o conftest -g -O2   conftest.c  >&5
/usr/bin/ld: /tmp/cc3RSGlF.o: in function `main':
/home/mamoedus/VS/test_infotex/libs/libpcap-1.10.5/conftest.c:54:(.text.startup+0xb): undefined reference to `yywrap'
collect2: error: ld returned 1 exit status
configure:9434: $? = 1
configure: failed program was:
| /* confdefs.h */
| #define PACKAGE_NAME "pcap"
| #define PACKAGE_TARNAME "pcap"
| #define PACKAGE_VERSION "1.10.5"
| #define PACKAGE_STRING "pcap 1.10.5"
| #define PACKAGE_BUGREPORT ""
| #define PACKAGE_URL ""
| #define HAVE_STDIO_H 1
| #define HAVE_STDLIB_H 1
| #define HAVE_STRING_H 1
| #define HAVE_INTTYPES_H 1
| #define HAVE_STDINT_H 1
| #define HAVE_STRINGS_H 1
| #define HAVE_SYS_STAT_H 1
| #define HAVE_SYS_TYPES_H 1
| #define HAVE_UNISTD_H 1
| #define STDC_HEADERS 1
| #define SIZEOF_VOID_P 8
| #define SIZEOF_TIME_T 8
| #define inline inline
| #define HAVE___ATOMIC_LOAD_N 1
| #define HAVE___ATOMIC_STORE_N 1
| #define HAVE_FSEEKO 1
| #define HAVE_NETPACKET_PACKET_H 1
| #define HAVE_GNU_STRERROR_R /**/
| #define HAVE_VSYSLOG 1
| #define HAVE_VASPRINTF 1
| #define HAVE_ASPRINTF 1
| #define HAVE_STRLCAT 1
| #define HAVE_STRLCPY 1
| #define HAVE_STRTOK_R 1
| #define HAVE_FFS 1
| #define STRINGS_H_DECLARES_FFS /**/
| #define HAVE_LINUX_GETNETBYNAME_R 1
| #define HAVE_LINUX_GETPROTOBYNAME_R 1
| #define HAVE_ETHER_HOSTTON 1
| #define NETINET_ETHER_H_DECLARES_ETHER_HOSTTON /**/
| #define HAVE_DECL_ETHER_HOSTTON 1
| #define HAVE_LINUX_SOCKET_H 1
| #define HAVE_LINUX_WIRELESS_H 1
| #define HAVE_STRUCT_TPACKET_AUXDATA_TP_VLAN_TCI 1
| #define HAVE_LINUX_NET_TSTAMP_H 1
| #define HAVE_SOCKLEN_T 1
| #define INET6 1
| /* end confdefs.h.  */
| 
| /* Override any GCC internal prototype to avoid an error.
|    Use char because int might match the return type of a GCC
|    builtin and then its argument prototype would still apply.  */
| char yywrap ();
| int
| main (void)
| {
| return yywrap ();
|   ;
|   return 0;
| }
configure:9434: gcc -o conftest -g -O2   conftest.c -lfl   >&5
/usr/bin/ld: /usr/lib/gcc/x86_64-linux-gnu/13/../../../x86_64-linux-gnu/libfl.so: undefined reference to `yylex'
collect2: error: ld returned 1 exit status
configure:9434: $? = 1
configure: failed program was:
| /* confdefs.h */
| #define PACKAGE_NAME "pcap"
| #define PACKAGE_TARNAME "pcap"
| #define PACKAGE_VERSION "1.10.5"
| #define PACKAGE_STRING "pcap 1.10.5"
| #define PACKAGE_BUGREPORT ""
| #define PACKAGE_URL ""
| #define HAVE_STDIO_H 1
| #define HAVE_STDLIB_H 1
| #define HAVE_STRING_H 1
| #define HAVE_INTTYPES_H 1
| #define HAVE_STDINT_H 1
| #define HAVE_STRINGS_H 1
| #define HAVE_SYS_STAT_H 1
| #define HAVE_SYS_TYPES_H 1
| #define HAVE_UNISTD_H 1
| #define STDC_HEADERS 1
| #define SIZEOF_VOID_P 8
| #define SIZEOF_TIME_T 8
| #define inline inline
| #define HAVE___ATOMIC_LOAD_N 1
| #define HAVE___ATOMIC_STORE_N 1
| #define HAVE_FSEEKO 1
| #define HAVE_NETPACKET_PACKET_H 1
| #define HAVE_GNU_STRERROR_R /**/
| #define HAVE_VSYSLOG 1
| #define HAVE_VASPRINTF 1
| #define HAVE_ASPRINTF 1
| #define HAVE_STRLCAT 1
| #define HAVE_STRLCPY 1
| #define HAVE_STRTOK_R 1
| #define HAVE_FFS 1
| #define STRINGS_H_DECLARES_FFS /**/
| #define HAVE_LINUX_GETNETBYNAME_R 1
| #define HAVE_LINUX_GETPROTOBYNAME_R 1
| #define HAVE_ETHER_HOSTTON 1
| #define NETINET_ETHER_H_DECLARES_ETHER_HOSTTON /**/
| #define HAVE_DECL_ETHER_HOSTTON 1
| #define HAVE_LINUX_SOCKET_H 1
| #define HAVE_LINUX_WIRELESS_H 1
| #define HAVE_STRUCT_TPACKET_AUXDATA_TP_VLAN_TCI 1
| #define HAVE_LINUX_NET_TSTAMP_H 1
| #define HAVE_SOCKLEN_T 1
| #define INET6 1
| /* end confdefs.h.  */
| 
| /* Override any GCC internal prototype to avoid an error.
|    Use char because int might match the return type of a GCC
|    builtin and then its argument prototype would still apply.  */
| char yywrap ();
| int
| main (void)
| {
| return yywrap ();
|   ;
|   return 0;
| }
configure:9434: gcc -o conftest -g -O2   conftest.c -ll   >&5
configure:9434: $? = 0
configure:9454: result: -ll
configure:9470: checking whether yytext is a pointer
configure:9486: gcc -c -g -O2  conftest.c >&5
configure:9486: $? = 0
configure:9493: result: yes
configure:9513: checking for capable lex
configure:9525: result: yes
configure:9554: checking for bison
configure:9589: result: no
configure:9622: checking for byacc
configure:9643: found /usr/bin/byacc
configure:9654: result: byacc
configure:9678: checking for capable yacc
configure:9690: result: yes
configure:10276: checking for ranlib
configure:10297: found /usr/bin/ranlib
configure:10308: result: ranlib
configure:10378: checking for ar
configure:10399: found /usr/bin/ar
configure:10410: result: ar
configure:10433: checking whether ln -s works
configure:10437: result: yes
configure:12569: checking for struct sockaddr.sa_len
configure:12569: gcc -c -g -O2  conftest.c >&5
conftest.c: In function 'main':
conftest.c:56:12: error: 'struct sockaddr' has no member named 'sa_len'
   56 | if (ac_aggr.sa_len)
      |            ^
configure:12569: $? = 1
configure: failed program was:
| /* confdefs.h */
| #define PACKAGE_NAME "pcap"
| #define PACKAGE_TARNAME "pcap"
| #define PACKAGE_VERSION "1.10.5"
| #define PACKAGE_STRING "pcap 1.10.5"
| #define PACKAGE_BUGREPORT ""
| #define PACKAGE_URL ""
| #define HAVE_STDIO_H 1
| #define HAVE_STDLIB_H 1
| #define HAVE_STRING_H 1
| #define HAVE_INTTYPES_H 1
| #define HAVE_STDINT_H 1
| #define HAVE_STRINGS_H 1
| #define HAVE_SYS_STAT_H 1
| #define HAVE_SYS_TYPES_H 1
| #define HAVE_UNISTD_H 1
| #define STDC_HEADERS 1
| #define SIZEOF_VOID_P 8
| #define SIZEOF_TIME_T 8
| #define inline inline
| #define HAVE___ATOMIC_LOAD_N 1
| #define HAVE___ATOMIC_STORE_N 1
| #define HAVE_FSEEKO 1
| #define HAVE_NETPACKET_PACKET_H 1
| #define HAVE_GNU_STRERROR_R /**/
| #define HAVE_VSYSLOG 1
| #define HAVE_VASPRINTF 1
| #define HAVE_ASPRINTF 1
| #define HAVE_STRLCAT 1
| #define HAVE_STRLCPY 1
| #define HAVE_STRTOK_R 1
| #define HAVE_FFS 1
| #define STRINGS_H_DECLARES_FFS /**/
| #define HAVE_LINUX_GETNETBYNAME_R 1
| #define HAVE_LINUX_GETPROTOBYNAME_R 1
| #define HAVE_ETHER_HOSTTON 1
| #define NETINET_ETHER_H_DECLARES_ETHER_HOSTTON /**/
| #define HAVE_DECL_ETHER_HOSTTON 1
| #define HAVE_LINUX_SOCKET_H 1
| #define HAVE_LINUX_WIRELESS_H 1
| #define HAVE_STRUCT_TPACKET_AUXDATA_TP_VLAN_TCI 1
| #define HAVE_LINUX_NET_TSTAMP_H 1
| #define HAVE_SOCKLEN_T 1
| #define INET6 1
| #define YYTEXT_POINTER 1
| /* end confdefs.h.  */
| 
| 	#include <sys/types.h>
| 	#include <sys/socket.h>
| 
| 
| int
| main (void)
| {
| static struct sockaddr ac_aggr;
| if (ac_aggr.sa_len)
| return 0;
|   ;
|   return 0;
| }
configure:12569: gcc -c -g -O2  conftest.c >&5
conftest.c: In function 'main':
conftest.c:56:19: error: 'struct sockaddr' has no member named 'sa_len'
   56 | if (sizeof ac_aggr.sa_len)
      |                   ^
configure:12569: $? = 1
configure: failed program was:
| /* confdefs.h */
| #define PACKAGE_NAME "pcap"
| #define PACKAGE_TARNAME "pcap"
| #define PACKAGE_VERSION "1.10.5"
| #define PACKAGE_STRING "pcap 1.10.5"
| #define PACKAGE_BUGREPORT ""
| #define PACKAGE_URL ""
| #define HAVE_STDIO_H 1
| #define HAVE_STDLIB_H 1
| #define HAVE_STRING_H 1
| #define HAVE_INTTYPES_H 1
| #define HAVE_STDINT_H 1
| #define HAVE_STRINGS_H 1
| #define HAVE_SYS_STAT_H 1
| #define HAVE_SYS_TYPES_H 1
| #define HAVE_UNISTD_H 1
| #define STDC_HEADERS 1
| #define SIZEOF_VOID_P 8
| #define SIZEOF_TIME_T 8
| #define inline inline
| #define HAVE___ATOMIC_LOAD_N 1
| #define HAVE___ATOMIC_STORE_N 1
| #define HAVE_FSEEKO 1
| #define HAVE_NETPACKET_PACKET_H 1
| #define HAVE_GNU_STRERROR_R /**/
| #define HAVE_VSYSLOG 1
| #define HAVE_VASPRINTF 1
| #define HAVE_ASPRINTF 1
| #define HAVE_STRLCAT 1
| #define HAVE_STRLCPY 1
| #define HAVE_STRTOK_R 1
| #define HAVE_FFS 1
| #define STRINGS_H_DECLARES_FFS /**/
| #define HAVE_LINUX_GETNETBYNAME_R 1
| #define HAVE_LINUX_GETPROTOBYNAME_R 1
| #define HAVE_ETHER_HOSTTON 1
| #define NETINET_ETHER_H_DECLARES_ETHER_HOSTTON /**/
| #define HAVE_DECL_ETHER_HOSTTON 1
| #define HAVE_LINUX_SOCKET_H 1
| #define HAVE_LINUX_WIRELESS_H 1
| #define HAVE_STRUCT_TPACKET_AUXDATA_TP_VLAN_TCI 1
| #define HAVE_LINUX_NET_TSTAMP_H 1
| #define HAVE_SOCKLEN_T 1
| #define INET6 1
| #define YYTEXT_POINTER 1
| /* end confdefs.h.  */
| 
| 	#include <sys/types.h>
| 	#include <sys/socket.h>
| 
| 
| int
| main (void)
| {
| static struct sockaddr ac_aggr;
| if (sizeof ac_aggr.sa_len)
| return 0;
|   ;
|   return 0;
| }
configure:12569: result: no
configure:12586: checking for struct sockaddr_storage
configure:12586: gcc -c -g -O2  conftest.c >&5
configure:12586: $? = 0
configure:12586: gcc -c -g -O2  conftest.c >&5
conftest.c: In function 'main':
conftest.c:55:38: error: expected expression before ')' token
   55 | if (sizeof ((struct sockaddr_storage)))
      |                                      ^
configure:12586: $? = 1
configure: failed program was:
| /* confdefs.h */
| #define PACKAGE_NAME "pcap"
| #define PACKAGE_TARNAME "pcap"
| #define PACKAGE_VERSION "1.10.5"
| #define PACKAGE_STRING "pcap 1.10.5"
| #define PACKAGE_BUGREPORT ""
| #define PACKAGE_URL ""
| #define HAVE_STDIO_H 1
| #define HAVE_STDLIB_H 1
| #define HAVE_STRING_H 1
| #define HAVE_INTTYPES_H 1
| #define HAVE_STDINT_H 1
| #define HAVE_STRINGS_H 1
| #define HAVE_SYS_STAT_H 1
| #define HAVE_SYS_TYPES_H 1
| #define HAVE_UNISTD_H 1
| #define STDC_HEADERS 1
| #define SIZEOF_VOID_P 8
| #define SIZEOF_TIME_T 8
| #define inline inline
| #define HAVE___ATOMIC_LOAD_N 1
| #define HAVE___ATOMIC_STORE_N 1
| #define HAVE_FSEEKO 1
| #define HAVE_NETPACKET_PACKET_H 1
| #define HAVE_GNU_STRERROR_R /**/
| #define HAVE_VSYSLOG 1
| #define HAVE_VASPRINTF 1
| #define HAVE_ASPRINTF 1
| #define HAVE_STRLCAT 1
| #define HAVE_STRLCPY 1
| #define HAVE_STRTOK_R 1
| #define HAVE_FFS 1
| #define STRINGS_H_DECLARES_FFS /**/
| #define HAVE_LINUX_GETNETBYNAME_R 1
| #define HAVE_LINUX_GETPROTOBYNAME_R 1
| #define HAVE_ETHER_HOSTTON 1
| #define NETINET_ETHER_H_DECLARES_ETHER_HOSTTON /**/
| #define HAVE_DECL_ETHER_HOSTTON 1
| #define HAVE_LINUX_SOCKET_H 1
| #define HAVE_LINUX_WIRELESS_H 1
| #define HAVE_STRUCT_TPACKET_AUXDATA_TP_VLAN_TCI 1
| #define HAVE_LINUX_NET_TSTAMP_H 1
| #define HAVE_SOCKLEN_T 1
| #define INET6 1
| #define YYTEXT_POINTER 1
| /* end confdefs.h.  */
| 
| 	#include <sys/types.h>
| 	#include <sys/socket.h>
| 
| 
| int
| main (void)
| {
| if (sizeof ((struct sockaddr_storage)))
| 	    return 0;
|   ;
|   return 0;
| }
configure:12586: result: yes
configure:12611: checking for dl_hp_ppa_info_t.dl_module_id_1
configure:12611: gcc -c -g -O2  conftest.c >&5
conftest.c:50:18: fatal error: sys/dlpi.h: No such file or directory
   50 |         #include <sys/dlpi.h>
      |                  ^~~~~~~~~~~~
compilation terminated.
configure:12611: $? = 1
configure: failed program was:
| /* confdefs.h */
| #define PACKAGE_NAME "pcap"
| #define PACKAGE_TARNAME "pcap"
| #define PACKAGE_VERSION "1.10.5"
| #define PACKAGE_STRING "pcap 1.10.5"
| #define PACKAGE_BUGREPORT ""
| #define PACKAGE_URL ""
| #define HAVE_STDIO_H 1
| #define HAVE_STDLIB_H 1
| #define HAVE_STRING_H 1
| #define HAVE_INTTYPES_H 1
| #define HAVE_STDINT_H 1
| #define HAVE_STRINGS_H 1
| #define HAVE_SYS_STAT_H 1
| #define HAVE_SYS_TYPES_H 1
| #define HAVE_UNISTD_H 1
| #define STDC_HEADERS 1
| #define SIZEOF_VOID_P 8
| #define SIZEOF_TIME_T 8
| #define inline inline
| #define HAVE___ATOMIC_LOAD_N 1
| #define HAVE___ATOMIC_STORE_N 1
| #define HAVE_FSEEKO 1
| #define HAVE_NETPACKET_PACKET_H 1
| #define HAVE_GNU_STRERROR_R /**/
| #define HAVE_VSYSLOG 1
| #define HAVE_VASPRINTF 1
| #define HAVE_ASPRINTF 1
| #define HAVE_STRLCAT 1
| #define HAVE_STRLCPY 1
| #define HAVE_STRTOK_R 1
| #define HAVE_FFS 1
| #define STRINGS_H_DECLARES_FFS /**/
| #define HAVE_LINUX_GETNETBYNAME_R 1
| #define HAVE_LINUX_GETPROTOBYNAME_R 1
| #define HAVE_ETHER_HOSTTON 1
| #define NETINET_ETHER_H_DECLARES_ETHER_HOSTTON /**/
| #define HAVE_DECL_ETHER_HOSTTON 1
| #define HAVE_LINUX_SOCKET_H 1
| #define HAVE_LINUX_WIRELESS_H 1
| #define HAVE_STRUCT_TPACKET_AUXDATA_TP_VLAN_TCI 1
| #define HAVE_LINUX_NET_TSTAMP_H 1
| #define HAVE_SOCKLEN_T 1
| #define INET6 1
| #define YYTEXT_POINTER 1
| #define HAVE_STRUCT_SOCKADDR_STORAGE 1
| /* end confdefs.h.  */
| 
| 	#include <sys/types.h>
| 	#include <sys/dlpi.h>
| 	#include <sys/dlpi_ext.h>
| 
| 
| int
| main (void)
| {
| static dl_hp_ppa_info_t ac_aggr;
| if (ac_aggr.dl_module_id_1)
| return 0;
|   ;
|   return 0;
| }
configure:12611: gcc -c -g -O2  conftest.c >&5
conftest.c:50:18: fatal error: sys/dlpi.h: No such file or directory
   50 |         #include <sys/dlpi.h>
      |                  ^~~~~~~~~~~~
compilation terminated.
configure:12611: $? = 1
configure: failed program was:
| /* confdefs.h */
| #define PACKAGE_NAME "pcap"
| #define PACKAGE_TARNAME "pcap"
| #define PACKAGE_VERSION "1.10.5"
| #define PACKAGE_STRING "pcap 1.10.5"
| #define PACKAGE_BUGREPORT ""
| #define PACKAGE_URL ""
| #define HAVE_STDIO_H 1
| #define HAVE_STDLIB_H 1
| #define HAVE_STRING_H 1
| #define HAVE_INTTYPES_H 1
| #define HAVE_STDINT_H 1
| #define HAVE_STRINGS_H 1
| #define HAVE_SYS_STAT_H 1
| #define HAVE_SYS_TYPES_H 1
| #define HAVE_UNISTD_H 1
| #define STDC_HEADERS 1
| #define SIZEOF_VOID_P 8
| #define SIZEOF_TIME_T 8
| #define inline inline
| #define HAVE___ATOMIC_LOAD_N 1
| #define HAVE___ATOMIC_STORE_N 1
| #define HAVE_FSEEKO 1
| #define HAVE_NETPACKET_PACKET_H 1
| #define HAVE_GNU_STRERROR_R /**/
| #define HAVE_VSYSLOG 1
| #define HAVE_VASPRINTF 1
| #define HAVE_ASPRINTF 1
| #define HAVE_STRLCAT 1
| #define HAVE_STRLCPY 1
| #define HAVE_STRTOK_R 1
| #define HAVE_FFS 1
| #define STRINGS_H_DECLARES_FFS /**/
| #define HAVE_LINUX_GETNETBYNAME_R 1
| #define HAVE_LINUX_GETPROTOBYNAME_R 1
| #define HAVE_ETHER_HOSTTON 1
| #define NETINET_ETHER_H_DECLARES_ETHER_HOSTTON /**/
| #define HAVE_DECL_ETHER_HOSTTON 1
| #define HAVE_LINUX_SOCKET_H 1
| #define HAVE_LINUX_WIRELESS_H 1
| #define HAVE_STRUCT_TPACKET_AUXDATA_TP_VLAN_TCI 1
| #define HAVE_LINUX_NET_TSTAMP_H 1
| #define HAVE_SOCKLEN_T 1
| #define INET6 1
| #define YYTEXT_POINTER 1
| #define HAVE_STRUCT_SOCKADDR_STORAGE 1
| /* end confdefs.h.  */
| 
| 	#include <sys/types.h>
| 	#include <sys/dlpi.h>
| 	#include <sys/dlpi_ext.h>
| 
| 
| int
| main (void)
| {
| static dl_hp_ppa_info_t ac_aggr;
| if (sizeof ac_aggr.dl_module_id_1)
| return 0;
|   ;
|   return 0;
| }
configure:12611: result: no
configure:12645: checking for Linux usbmon USB sniffing support
configure:12652: result: yes
configure:12669: checking for linux/compiler.h
configure:12669: gcc -c -g -O2  conftest.c >&5
conftest.c:77:10: fatal error: linux/compiler.h: No such file or directory
   77 | #include <linux/compiler.h>
      |          ^~~~~~~~~~~~~~~~~~
compilation terminated.
configure:12669: $? = 1
configure: failed program was:
| /* confdefs.h */
| #define PACKAGE_NAME "pcap"
| #define PACKAGE_TARNAME "pcap"
| #define PACKAGE_VERSION "1.10.5"
| #define PACKAGE_STRING "pcap 1.10.5"
| #define PACKAGE_BUGREPORT ""
| #define PACKAGE_URL ""
| #define HAVE_STDIO_H 1
| #define HAVE_STDLIB_H 1
| #define HAVE_STRING_H 1
| #define HAVE_INTTYPES_H 1
| #define HAVE_STDINT_H 1
| #define HAVE_STRINGS_H 1
| #define HAVE_SYS_STAT_H 1
| #define HAVE_SYS_TYPES_H 1
| #define HAVE_UNISTD_H 1
| #define STDC_HEADERS 1
| #define SIZEOF_VOID_P 8
| #define SIZEOF_TIME_T 8
| #define inline inline
| #define HAVE___ATOMIC_LOAD_N 1
| #define HAVE___ATOMIC_STORE_N 1
| #define HAVE_FSEEKO 1
| #define HAVE_NETPACKET_PACKET_H 1
| #define HAVE_GNU_STRERROR_R /**/
| #define HAVE_VSYSLOG 1
| #define HAVE_VASPRINTF 1
| #define HAVE_ASPRINTF 1
| #define HAVE_STRLCAT 1
| #define HAVE_STRLCPY 1
| #define HAVE_STRTOK_R 1
| #define HAVE_FFS 1
| #define STRINGS_H_DECLARES_FFS /**/
| #define HAVE_LINUX_GETNETBYNAME_R 1
| #define HAVE_LINUX_GETPROTOBYNAME_R 1
| #define HAVE_ETHER_HOSTTON 1
| #define NETINET_ETHER_H_DECLARES_ETHER_HOSTTON /**/
| #define HAVE_DECL_ETHER_HOSTTON 1
| #define HAVE_LINUX_SOCKET_H 1
| #define HAVE_LINUX_WIRELESS_H 1
| #define HAVE_STRUCT_TPACKET_AUXDATA_TP_VLAN_TCI 1
| #define HAVE_LINUX_NET_TSTAMP_H 1
| #define HAVE_SOCKLEN_T 1
| #define INET6 1
| #define YYTEXT_POINTER 1
| #define HAVE_STRUCT_SOCKADDR_STORAGE 1
| #define PCAP_SUPPORT_LINUX_USBMON 1
| /* end confdefs.h.  */
| #include <stddef.h>
| #ifdef HAVE_STDIO_H
| # include <stdio.h>
| #endif
| #ifdef HAVE_STDLIB_H
| # include <stdlib.h>
| #endif
| #ifdef HAVE_STRING_H
| # include <string.h>
| #endif
| #ifdef HAVE_INTTYPES_H
| # include <inttypes.h>
| #endif
| #ifdef HAVE_STDINT_H
| # include <stdint.h>
| #endif
| #ifdef HAVE_STRINGS_H
| # include <strings.h>
| #endif
| #ifdef HAVE_SYS_TYPES_H
| # include <sys/types.h>
| #endif
| #ifdef HAVE_SYS_STAT_H
| # include <sys/stat.h>
| #endif
| #ifdef HAVE_UNISTD_H
| # include <unistd.h>
| #endif
| #include <linux/compiler.h>
configure:12669: result: no
configure:12689: checking for linux/usbdevice_fs.h
configure:12689: gcc -c -g -O2  conftest.c >&5
configure:12689: $? = 0
configure:12689: result: yes
configure:12704: checking for struct usbdevfs_ctrltransfer.bRequestType
configure:12704: gcc -c -g -O2  conftest.c >&5
configure:12704: $? = 0
configure:12704: result: yes
configure:12734: checking whether we can compile the netfilter support
configure:12761: gcc -c -g -O2  conftest.c >&5
configure:12761: $? = 0
configure:12770: result: yes
configure:12800: checking whether we can compile the netmap support
configure:12820: gcc -c -g -O2  conftest.c >&5
conftest.c:82:10: fatal error: net/netmap_user.h: No such file or directory
   82 | #include <net/netmap_user.h>
      |          ^~~~~~~~~~~~~~~~~~~
compilation terminated.
configure:12820: $? = 1
configure: failed program was:
| /* confdefs.h */
| #define PACKAGE_NAME "pcap"
| #define PACKAGE_TARNAME "pcap"
| #define PACKAGE_VERSION "1.10.5"
| #define PACKAGE_STRING "pcap 1.10.5"
| #define PACKAGE_BUGREPORT ""
| #define PACKAGE_URL ""
| #define HAVE_STDIO_H 1
| #define HAVE_STDLIB_H 1
| #define HAVE_STRING_H 1
| #define HAVE_INTTYPES_H 1
| #define HAVE_STDINT_H 1
| #define HAVE_STRINGS_H 1
| #define HAVE_SYS_STAT_H 1
| #define HAVE_SYS_TYPES_H 1
| #define HAVE_UNISTD_H 1
| #define STDC_HEADERS 1
| #define SIZEOF_VOID_P 8
| #define SIZEOF_TIME_T 8
| #define inline inline
| #define HAVE___ATOMIC_LOAD_N 1
| #define HAVE___ATOMIC_STORE_N 1
| #define HAVE_FSEEKO 1
| #define HAVE_NETPACKET_PACKET_H 1
| #define HAVE_GNU_STRERROR_R /**/
| #define HAVE_VSYSLOG 1
| #define HAVE_VASPRINTF 1
| #define HAVE_ASPRINTF 1
| #define HAVE_STRLCAT 1
| #define HAVE_STRLCPY 1
| #define HAVE_STRTOK_R 1
| #define HAVE_FFS 1
| #define STRINGS_H_DECLARES_FFS /**/
| #define HAVE_LINUX_GETNETBYNAME_R 1
| #define HAVE_LINUX_GETPROTOBYNAME_R 1
| #define HAVE_ETHER_HOSTTON 1
| #define NETINET_ETHER_H_DECLARES_ETHER_HOSTTON /**/
| #define HAVE_DECL_ETHER_HOSTTON 1
| #define HAVE_LINUX_SOCKET_H 1
| #define HAVE_LINUX_WIRELESS_H 1
| #define HAVE_STRUCT_TPACKET_AUXDATA_TP_VLAN_TCI 1
| #define HAVE_LINUX_NET_TSTAMP_H 1
| #define HAVE_SOCKLEN_T 1
| #define INET6 1
| #define YYTEXT_POINTER 1
| #define HAVE_STRUCT_SOCKADDR_STORAGE 1
| #define PCAP_SUPPORT_LINUX_USBMON 1
| #define HAVE_LINUX_USBDEVICE_FS_H 1
| #define HAVE_STRUCT_USBDEVFS_CTRLTRANSFER_BREQUESTTYPE 1
| #define PCAP_SUPPORT_NETFILTER 1
| /* end confdefs.h.  */
| 
| #include <stddef.h>
| #ifdef HAVE_STDIO_H
| # include <stdio.h>
| #endif
| #ifdef HAVE_STDLIB_H
| # include <stdlib.h>
| #endif
| #ifdef HAVE_STRING_H
| # include <string.h>
| #endif
| #ifdef HAVE_INTTYPES_H
| # include <inttypes.h>
| #endif
| #ifdef HAVE_STDINT_H
| # include <stdint.h>
| #endif
| #ifdef HAVE_STRINGS_H
| # include <strings.h>
| #endif
| #ifdef HAVE_SYS_TYPES_H
| # include <sys/types.h>
| #endif
| #ifdef HAVE_SYS_STAT_H
| # include <sys/stat.h>
| #endif
| #ifdef HAVE_UNISTD_H
| # include <unistd.h>
| #endif
| #define NETMAP_WITH_LIBS
| #include <net/netmap_user.h>
| int
| main (void)
| {
| 
|   ;
|   return 0;
| }
configure:12829: result: no
configure:12912: checking for libdpdk with pkg-config
configure:12916: $PKG_CONFIG --exists --print-errors "libdpdk"
Package libdpdk was not found in the pkg-config search path.
Perhaps you should add the directory containing `libdpdk.pc'
to the PKG_CONFIG_PATH environment variable
Package 'libdpdk', required by 'virtual:world', not found
configure:12919: $? = 1
configure:13003: result: not found
configure:13132: WARNING: We couldn't find DPDK with pkg-config.  If
you want DPDK support, make sure that pkg-config is installed,
that DPDK 18.02.2 or later is installed, and that DPDK provides a
.pc file.
configure:13199: checking for bluetooth/bluetooth.h
configure:13199: gcc -c -g -O2  conftest.c >&5
conftest.c:80:10: fatal error: bluetooth/bluetooth.h: No such file or directory
   80 | #include <bluetooth/bluetooth.h>
      |          ^~~~~~~~~~~~~~~~~~~~~~~
compilation terminated.
configure:13199: $? = 1
configure: failed program was:
| /* confdefs.h */
| #define PACKAGE_NAME "pcap"
| #define PACKAGE_TARNAME "pcap"
| #define PACKAGE_VERSION "1.10.5"
| #define PACKAGE_STRING "pcap 1.10.5"
| #define PACKAGE_BUGREPORT ""
| #define PACKAGE_URL ""
| #define HAVE_STDIO_H 1
| #define HAVE_STDLIB_H 1
| #define HAVE_STRING_H 1
| #define HAVE_INTTYPES_H 1
| #define HAVE_STDINT_H 1
| #define HAVE_STRINGS_H 1
| #define HAVE_SYS_STAT_H 1
| #define HAVE_SYS_TYPES_H 1
| #define HAVE_UNISTD_H 1
| #define STDC_HEADERS 1
| #define SIZEOF_VOID_P 8
| #define SIZEOF_TIME_T 8
| #define inline inline
| #define HAVE___ATOMIC_LOAD_N 1
| #define HAVE___ATOMIC_STORE_N 1
| #define HAVE_FSEEKO 1
| #define HAVE_NETPACKET_PACKET_H 1
| #define HAVE_GNU_STRERROR_R /**/
| #define HAVE_VSYSLOG 1
| #define HAVE_VASPRINTF 1
| #define HAVE_ASPRINTF 1
| #define HAVE_STRLCAT 1
| #define HAVE_STRLCPY 1
| #define HAVE_STRTOK_R 1
| #define HAVE_FFS 1
| #define STRINGS_H_DECLARES_FFS /**/
| #define HAVE_LINUX_GETNETBYNAME_R 1
| #define HAVE_LINUX_GETPROTOBYNAME_R 1
| #define HAVE_ETHER_HOSTTON 1
| #define NETINET_ETHER_H_DECLARES_ETHER_HOSTTON /**/
| #define HAVE_DECL_ETHER_HOSTTON 1
| #define HAVE_LINUX_SOCKET_H 1
| #define HAVE_LINUX_WIRELESS_H 1
| #define HAVE_STRUCT_TPACKET_AUXDATA_TP_VLAN_TCI 1
| #define HAVE_LINUX_NET_TSTAMP_H 1
| #define HAVE_SOCKLEN_T 1
| #define INET6 1
| #define YYTEXT_POINTER 1
| #define HAVE_STRUCT_SOCKADDR_STORAGE 1
| #define PCAP_SUPPORT_LINUX_USBMON 1
| #define HAVE_LINUX_USBDEVICE_FS_H 1
| #define HAVE_STRUCT_USBDEVFS_CTRLTRANSFER_BREQUESTTYPE 1
| #define PCAP_SUPPORT_NETFILTER 1
| /* end confdefs.h.  */
| #include <stddef.h>
| #ifdef HAVE_STDIO_H
| # include <stdio.h>
| #endif
| #ifdef HAVE_STDLIB_H
| # include <stdlib.h>
| #endif
| #ifdef HAVE_STRING_H
| # include <string.h>
| #endif
| #ifdef HAVE_INTTYPES_H
| # include <inttypes.h>
| #endif
| #ifdef HAVE_STDINT_H
| # include <stdint.h>
| #endif
| #ifdef HAVE_STRINGS_H
| # include <strings.h>
| #endif
| #ifdef HAVE_SYS_TYPES_H
| # include <sys/types.h>
| #endif
| #ifdef HAVE_SYS_STAT_H
| # include <sys/stat.h>
| #endif
| #ifdef HAVE_UNISTD_H
| # include <unistd.h>
| #endif
| #include <bluetooth/bluetooth.h>
configure:13199: result: no
configure:13287: Bluetooth sniffing is not supported; install bluez-lib devel to enable it
configure:13355: checking for dbus-1 with pkg-config
configure:13359: $PKG_CONFIG --exists --print-errors "dbus-1"
configure:13362: $? = 0
configure:13368: result: found
configure:13450: checking whether the D-Bus library defines dbus_connection_read_write
configure:13468: gcc -o conftest -g -O2 -I/usr/include/dbus-1.0 -I/usr/lib/x86_64-linux-gnu/dbus-1.0/include    conftest.c  -ldbus-1  >&5
configure:13468: $? = 0
configure:13471: result: yes
configure:13539: checking for libibverbs with pkg-config
configure:13543: $PKG_CONFIG --exists --print-errors "libibverbs"
Package libibverbs was not found in the pkg-config search path.
Perhaps you should add the directory containing `libibverbs.pc'
to the PKG_CONFIG_PATH environment variable
Package 'libibverbs', required by 'virtual:world', not found
configure:13546: $? = 1
configure:13631: result: not found
configure:13644: checking for ibv_get_device_list in -libverbs
configure:13667: gcc -o conftest -g -O2   conftest.c -libverbs   >&5
/usr/bin/ld: cannot find -libverbs: No such file or directory
collect2: error: ld returned 1 exit status
configure:13667: $? = 1
configure: failed program was:
| /* confdefs.h */
| #define PACKAGE_NAME "pcap"
| #define PACKAGE_TARNAME "pcap"
| #define PACKAGE_VERSION "1.10.5"
| #define PACKAGE_STRING "pcap 1.10.5"
| #define PACKAGE_BUGREPORT ""
| #define PACKAGE_URL ""
| #define HAVE_STDIO_H 1
| #define HAVE_STDLIB_H 1
| #define HAVE_STRING_H 1
| #define HAVE_INTTYPES_H 1
| #define HAVE_STDINT_H 1
| #define HAVE_STRINGS_H 1
| #define HAVE_SYS_STAT_H 1
| #define HAVE_SYS_TYPES_H 1
| #define HAVE_UNISTD_H 1
| #define STDC_HEADERS 1
| #define SIZEOF_VOID_P 8
| #define SIZEOF_TIME_T 8
| #define inline inline
| #define HAVE___ATOMIC_LOAD_N 1
| #define HAVE___ATOMIC_STORE_N 1
| #define HAVE_FSEEKO 1
| #define HAVE_NETPACKET_PACKET_H 1
| #define HAVE_GNU_STRERROR_R /**/
| #define HAVE_VSYSLOG 1
| #define HAVE_VASPRINTF 1
| #define HAVE_ASPRINTF 1
| #define HAVE_STRLCAT 1
| #define HAVE_STRLCPY 1
| #define HAVE_STRTOK_R 1
| #define HAVE_FFS 1
| #define STRINGS_H_DECLARES_FFS /**/
| #define HAVE_LINUX_GETNETBYNAME_R 1
| #define HAVE_LINUX_GETPROTOBYNAME_R 1
| #define HAVE_ETHER_HOSTTON 1
| #define NETINET_ETHER_H_DECLARES_ETHER_HOSTTON /**/
| #define HAVE_DECL_ETHER_HOSTTON 1
| #define HAVE_LINUX_SOCKET_H 1
| #define HAVE_LINUX_WIRELESS_H 1
| #define HAVE_STRUCT_TPACKET_AUXDATA_TP_VLAN_TCI 1
| #define HAVE_LINUX_NET_TSTAMP_H 1
| #define HAVE_SOCKLEN_T 1
| #define INET6 1
| #define YYTEXT_POINTER 1
| #define HAVE_STRUCT_SOCKADDR_STORAGE 1
| #define PCAP_SUPPORT_LINUX_USBMON 1
| #define HAVE_LINUX_USBDEVICE_FS_H 1
| #define HAVE_STRUCT_USBDEVFS_CTRLTRANSFER_BREQUESTTYPE 1
| #define PCAP_SUPPORT_NETFILTER 1
| #define PCAP_SUPPORT_DBUS 1
| /* end confdefs.h.  */
| 
| /* Override any GCC internal prototype to avoid an error.
|    Use char because int might match the return type of a GCC
|    builtin and then its argument prototype would still apply.  */
| char ibv_get_device_list ();
| int
| main (void)
| {
| return ibv_get_device_list ();
|   ;
|   return 0;
| }
configure:13677: result: no
configure:13850: checking for a BSD-compatible install
configure:13923: result: /usr/bin/install -c
configure:14070: creating ./config.status

## ---------------------- ##
## Running config.status. ##
## ---------------------- ##

This file was extended by pcap config.status 1.10.5, which was
generated by GNU Autoconf 2.71.  Invocation command line was

  CONFIG_FILES    = 
  CONFIG_HEADERS  = 
  CONFIG_LINKS    = 
  CONFIG_COMMANDS = 
  $ ./config.status 

on mamoedus-HP-Laptop-15s-eq2xxx

config.status:937: creating Makefile
config.status:937: creating grammar.y
config.status:937: creating pcap-filter.manmisc
config.status:937: creating pcap-linktype.manmisc
config.status:937: creating pcap-tstamp.manmisc
config.status:937: creating pcap-savefile.manfile
config.status:937: creating pcap.3pcap
config.status:937: creating pcap_compile.3pcap
config.status:937: creating pcap_datalink.3pcap
config.status:937: creating pcap_dump_open.3pcap
config.status:937: creating pcap_get_tstamp_precision.3pcap
config.status:937: creating pcap_list_datalinks.3pcap
config.status:937: creating pcap_list_tstamp_types.3pcap
config.status:937: creating pcap_open_dead.3pcap
config.status:937: creating pcap_open_offline.3pcap
config.status:937: creating pcap_set_immediate_mode.3pcap
config.status:937: creating pcap_set_tstamp_precision.3pcap
config.status:937: creating pcap_set_tstamp_type.3pcap
config.status:937: creating rpcapd/Makefile
config.status:937: creating rpcapd/rpcapd.manadmin
config.status:937: creating rpcapd/rpcapd-config.manfile
config.status:937: creating testprogs/Makefile
config.status:937: creating config.h
config.status:1126: executing default-1 commands

## ---------------- ##
## Cache variables. ##
## ---------------- ##

ac_cv_build=x86_64-pc-linux-gnu
ac_cv_c_compiler_gnu=yes
ac_cv_c_undeclared_builtin_options='none needed'
ac_cv_env_CC_set=
ac_cv_env_CC_value=
ac_cv_env_CFLAGS_set=
ac_cv_env_CFLAGS_value=
ac_cv_env_CPPFLAGS_set=
ac_cv_env_CPPFLAGS_value=
ac_cv_env_DBUS_CFLAGS_set=
ac_cv_env_DBUS_CFLAGS_value=
ac_cv_env_DBUS_LIBS_STATIC_set=
ac_cv_env_DBUS_LIBS_STATIC_value=
ac_cv_env_DBUS_LIBS_set=
ac_cv_env_DBUS_LIBS_value=
ac_cv_env_DPDK_CFLAGS_set=
ac_cv_env_DPDK_CFLAGS_value=
ac_cv_env_DPDK_LIBS_STATIC_set=
ac_cv_env_DPDK_LIBS_STATIC_value=
ac_cv_env_DPDK_LIBS_set=
ac_cv_env_DPDK_LIBS_value=
ac_cv_env_LDFLAGS_set=
ac_cv_env_LDFLAGS_value=
ac_cv_env_LIBIBVERBS_CFLAGS_set=
ac_cv_env_LIBIBVERBS_CFLAGS_value=
ac_cv_env_LIBIBVERBS_LIBS_STATIC_set=
ac_cv_env_LIBIBVERBS_LIBS_STATIC_value=
ac_cv_env_LIBIBVERBS_LIBS_set=
ac_cv_env_LIBIBVERBS_LIBS_value=
ac_cv_env_LIBNL_CFLAGS_set=
ac_cv_env_LIBNL_CFLAGS_value=
ac_cv_env_LIBNL_LIBS_STATIC_set=
ac_cv_env_LIBNL_LIBS_STATIC_value=
ac_cv_env_LIBNL_LIBS_set=
ac_cv_env_LIBNL_LIBS_value=
ac_cv_env_LIBS_set=
ac_cv_env_LIBS_value=
ac_cv_env_OPENSSL_CFLAGS_set=
ac_cv_env_OPENSSL_CFLAGS_value=
ac_cv_env_OPENSSL_LIBS_STATIC_set=
ac_cv_env_OPENSSL_LIBS_STATIC_value=
ac_cv_env_OPENSSL_LIBS_set=
ac_cv_env_OPENSSL_LIBS_value=
ac_cv_env_PKG_CONFIG_LIBDIR_set=
ac_cv_env_PKG_CONFIG_LIBDIR_value=
ac_cv_env_PKG_CONFIG_PATH_set=
ac_cv_env_PKG_CONFIG_PATH_value=
ac_cv_env_PKG_CONFIG_set=
ac_cv_env_PKG_CONFIG_value=
ac_cv_env_build_alias_set=
ac_cv_env_build_alias_value=
ac_cv_env_host_alias_set=
ac_cv_env_host_alias_value=
ac_cv_env_target_alias_set=
ac_cv_env_target_alias_value=
ac_cv_func_asprintf=yes
ac_cv_func_ether_hostton=yes
ac_cv_func_ffs=yes
ac_cv_func_getaddrinfo=yes
ac_cv_func_getifaddrs=yes
ac_cv_func_pthread_create=yes
ac_cv_func_snprintf=yes
ac_cv_func_strerror_r=yes
ac_cv_func_strlcat=yes
ac_cv_func_strlcpy=yes
ac_cv_func_strtok_r=yes
ac_cv_func_vasprintf=yes
ac_cv_func_vsnprintf=yes
ac_cv_func_vsyslog=yes
ac_cv_have_decl_ether_hostton=yes
ac_cv_have_decl_ffs=yes
ac_cv_have_decl_getnetbyname_r=yes
ac_cv_have_decl_getprotobyname_r=yes
ac_cv_header_bluetooth_bluetooth_h=no
ac_cv_header_config_HaikuConfig_h=no
ac_cv_header_dagapi_h=no
ac_cv_header_ifaddrs_h=yes
ac_cv_header_inttypes_h=yes
ac_cv_header_linux_compiler_h=no
ac_cv_header_linux_net_tstamp_h=yes
ac_cv_header_linux_socket_h=yes
ac_cv_header_linux_usbdevice_fs_h=yes
ac_cv_header_linux_wireless_h=yes
ac_cv_header_net_bpf_h=no
ac_cv_header_net_enet_h=no
ac_cv_header_net_nit_h=no
ac_cv_header_net_pfilt_h=no
ac_cv_header_net_raw_h=no
ac_cv_header_netpacket_packet_h=yes
ac_cv_header_pthread_h=yes
ac_cv_header_stdint_h=yes
ac_cv_header_stdio_h=yes
ac_cv_header_stdlib_h=yes
ac_cv_header_string_h=yes
ac_cv_header_strings_h=yes
ac_cv_header_sys_dlpi_h=no
ac_cv_header_sys_ioccom_h=no
ac_cv_header_sys_net_nit_h=no
ac_cv_header_sys_sockio_h=no
ac_cv_header_sys_stat_h=yes
ac_cv_header_sys_types_h=yes
ac_cv_header_unistd_h=yes
ac_cv_host=x86_64-pc-linux-gnu
ac_cv_lbl_gcc_fixincludes=yes
ac_cv_lbl_inline=inline
ac_cv_lbl_septel_api=no
ac_cv_lbl_snf_api=no
ac_cv_lbl_turbocap_api=no
ac_cv_lib_ibverbs_ibv_get_device_list=no
ac_cv_lib_lex='none needed'
ac_cv_lib_nl_3_nl_socket_alloc=no
ac_cv_member_dl_hp_ppa_info_t_dl_module_id_1=no
ac_cv_member_struct_sockaddr_sa_len=no
ac_cv_member_struct_tpacket_auxdata_tp_vlan_tci=yes
ac_cv_member_struct_usbdevfs_ctrltransfer_bRequestType=yes
ac_cv_net_netmap_user_can_compile=no
ac_cv_netfilter_can_compile=yes
ac_cv_objext=o
ac_cv_path_ac_pt_PKG_CONFIG=/usr/bin/pkg-config
ac_cv_path_install='/usr/bin/install -c'
ac_cv_prog_BISON_BYACC=byacc
ac_cv_prog_LEX=flex
ac_cv_prog_ac_ct_AR=ar
ac_cv_prog_ac_ct_CC=gcc
ac_cv_prog_ac_ct_RANLIB=ranlib
ac_cv_prog_cc_c11=
ac_cv_prog_cc_g=yes
ac_cv_prog_cc_stdc=
ac_cv_prog_lex_root=lex.yy
ac_cv_prog_lex_yytext_pointer=yes
ac_cv_search_putmsg=no
ac_cv_search_yywrap=-ll
ac_cv_sizeof_time_t=8
ac_cv_sizeof_void_p=8
ac_cv_sys_file_offset_bits=no
ac_cv_sys_largefile_CC=no
ac_cv_sys_largefile_source=no
ac_cv_target=x86_64-pc-linux-gnu
ac_cv_type_socklen_t=yes
ac_cv_type_struct_sockaddr_storage=yes
tcpdump_cv_capable_lex=yes
tcpdump_cv_capable_yacc=yes

## ----------------- ##
## Output variables. ##
## ----------------- ##

ADDLARCHIVEOBJS=''
ADDLOBJS=''
AR='ar'
BISON_BYACC='byacc'
BREW=''
BUILD_RPCAPD=''
CC='gcc'
CFLAGS='-g -O2'
CPPFLAGS=''
DBUS_CFLAGS='-I/usr/include/dbus-1.0 -I/usr/lib/x86_64-linux-gnu/dbus-1.0/include '
DBUS_LIBS='-ldbus-1 '
DBUS_LIBS_STATIC='-ldbus-1 -lsystemd '
DEFS='-DHAVE_CONFIG_H'
DEPENDENCY_CFLAG=''
DPDK_CFLAGS=''
DPDK_LIBS=''
DPDK_LIBS_STATIC=''
DYEXT='so'
ECHO_C=''
ECHO_N='-n'
ECHO_T=''
EXEEXT=''
INSTALL_DATA='${INSTALL} -m 644'
INSTALL_PROGRAM='${INSTALL}'
INSTALL_RPCAPD=''
INSTALL_SCRIPT='${INSTALL}'
LDFLAGS=''
LEX='flex'
LEXLIB='-ll '
LEX_OUTPUT_ROOT='lex.yy'
LIBIBVERBS_CFLAGS=''
LIBIBVERBS_LIBS=''
LIBIBVERBS_LIBS_STATIC=''
LIBNL_CFLAGS=''
LIBNL_LIBS=''
LIBNL_LIBS_STATIC=''
LIBOBJS=''
LIBS=' -ldbus-1  '
LIBS_PRIVATE=''
LIBS_STATIC=' -ldbus-1 -lsystemd  '
LN_S='ln -s'
LTLIBOBJS=''
MAN_ADMIN_COMMANDS='8'
MAN_DEVICES='4'
MAN_FILE_FORMATS='5'
MAN_MISC_INFO='7'
MKDEP=''
MODULE_C_SRC=' pcap-usb-linux.c pcap-netfilter-linux.c pcap-dbus.c'
OBJEXT='o'
OPENSSL_CFLAGS=''
OPENSSL_LIBS=''
OPENSSL_LIBS_STATIC=''
PACKAGE_BUGREPORT=''
PACKAGE_NAME='pcap'
PACKAGE_STRING='pcap 1.10.5'
PACKAGE_TARNAME='pcap'
PACKAGE_URL=''
PACKAGE_VERSION='1.10.5'
PATH_SEPARATOR=':'
PCAP_SUPPORT_BT=''
PCAP_SUPPORT_DBUS=''
PCAP_SUPPORT_DPDK=''
PCAP_SUPPORT_LINUX_USBMON=''
PCAP_SUPPORT_NETFILTER=''
PCAP_SUPPORT_NETMAP=''
PCAP_SUPPORT_RDMASNIFF=''
PKG_CONFIG='/usr/bin/pkg-config'
PKG_CONFIG_LIBDIR=''
PKG_CONFIG_PATH=''
PLATFORM_C_SRC='pcap-linux.c fad-getad.c'
PTHREAD_LIBS=''
RANLIB='ranlib'
REENTRANT_PARSER='%pure-parser'
REMOTE_C_SRC=''
REQUIRES_PRIVATE=' dbus-1'
RPATH=''
RPCAPD_LIBS=''
SHELL='/bin/bash'
SHLICC2=''
VALGRINDTEST_SRC='valgrindtest.c'
V_CCOPT=' -fvisibility=hidden'
V_DEFS=''
V_INCLS=' -I/usr/include/dbus-1.0 -I/usr/lib/x86_64-linux-gnu/dbus-1.0/include '
V_LIB_CCOPT_FAT=''
V_LIB_LDFLAGS_FAT=''
V_PROG_CCOPT_FAT=''
V_PROG_LDFLAGS_FAT=''
V_SHLIB_CCOPT=' -fpic'
V_SHLIB_CMD='$(CC)'
V_SHLIB_OPT='-shared'
V_SONAME_OPT='-Wl,-soname,'
ac_ct_CC='gcc'
bindir='${exec_prefix}/bin'
build='x86_64-pc-linux-gnu'
build_alias=''
build_cpu='x86_64'
build_os='linux-gnu'
build_vendor='pc'
datadir='${datarootdir}'
datarootdir='${prefix}/share'
docdir='${datarootdir}/doc/${PACKAGE_TARNAME}'
dvidir='${docdir}'
exec_prefix='${prefix}'
host='x86_64-pc-linux-gnu'
host_alias=''
host_cpu='x86_64'
host_os='linux-gnu'
host_vendor='pc'
htmldir='${docdir}'
includedir='${prefix}/include'
infodir='${datarootdir}/info'
libdir='${exec_prefix}/lib'
libexecdir='${exec_prefix}/libexec'
localedir='${datarootdir}/locale'
localstatedir='${prefix}/var'
mandir='${datarootdir}/man'
oldincludedir='/usr/include'
pdfdir='${docdir}'
prefix='/usr'
program_transform_name='s,x,x,'
psdir='${docdir}'
runstatedir='${localstatedir}/run'
sbindir='${exec_prefix}/sbin'
sharedstatedir='${prefix}/com'
sysconfdir='${prefix}/etc'
target='x86_64-pc-linux-gnu'
target_alias=''
target_cpu='x86_64'
target_os='linux-gnu'
target_vendor='pc'

## ----------- ##
## confdefs.h. ##
## ----------- ##

/* confdefs.h */
#define PACKAGE_NAME "pcap"
#define PACKAGE_TARNAME "pcap"
#define PACKAGE_VERSION "1.10.5"
#define PACKAGE_STRING "pcap 1.10.5"
#define PACKAGE_BUGREPORT ""
#define PACKAGE_URL ""
#define HAVE_STDIO_H 1
#define HAVE_STDLIB_H 1
#define HAVE_STRING_H 1
#define HAVE_INTTYPES_H 1
#define HAVE_STDINT_H 1
#define HAVE_STRINGS_H 1
#define HAVE_SYS_STAT_H 1
#define HAVE_SYS_TYPES_H 1
#define HAVE_UNISTD_H 1
#define STDC_HEADERS 1
#define SIZEOF_VOID_P 8
#define SIZEOF_TIME_T 8
#define inline inline
#define HAVE___ATOMIC_LOAD_N 1
#define HAVE___ATOMIC_STORE_N 1
#define HAVE_FSEEKO 1
#define HAVE_NETPACKET_PACKET_H 1
#define HAVE_GNU_STRERROR_R /**/
#define HAVE_VSYSLOG 1
#define HAVE_VASPRINTF 1
#define HAVE_ASPRINTF 1
#define HAVE_STRLCAT 1
#define HAVE_STRLCPY 1
#define HAVE_STRTOK_R 1
#define HAVE_FFS 1
#define STRINGS_H_DECLARES_FFS /**/
#define HAVE_LINUX_GETNETBYNAME_R 1
#define HAVE_LINUX_GETPROTOBYNAME_R 1
#define HAVE_ETHER_HOSTTON 1
#define NETINET_ETHER_H_DECLARES_ETHER_HOSTTON /**/
#define HAVE_DECL_ETHER_HOSTTON 1
#define HAVE_LINUX_SOCKET_H 1
#define HAVE_LINUX_WIRELESS_H 1
#define HAVE_STRUCT_TPACKET_AUXDATA_TP_VLAN_TCI 1
#define HAVE_LINUX_NET_TSTAMP_H 1
#define HAVE_SOCKLEN_T 1
#define INET6 1
#define YYTEXT_POINTER 1
#define HAVE_STRUCT_SOCKADDR_STORAGE 1
#define PCAP_SUPPORT_LINUX_USBMON 1
#define HAVE_LINUX_USBDEVICE_FS_H 1
#define HAVE_STRUCT_USBDEVFS_CTRLTRANSFER_BREQUESTTYPE 1
#define PCAP_SUPPORT_NETFILTER 1
#define PCAP_SUPPORT_DBUS 1

configure: exit 0

## ---------------------- ##
## Running config.status. ##
## ---------------------- ##

This file was extended by pcap config.status 1.10.5, which was
generated by GNU Autoconf 2.71.  Invocation command line was

  CONFIG_FILES    = 
  CONFIG_HEADERS  = 
  CONFIG_LINKS    = 
  CONFIG_COMMANDS = 
  $ ./config.status --file=libpcap.pc.tmp:./libpcap.pc.in

on mamoedus-HP-Laptop-15s-eq2xxx

config.status:937: creating libpcap.pc.tmp

## ---------------------- ##
## Running config.status. ##
## ---------------------- ##

This file was extended by pcap config.status 1.10.5, which was
generated by GNU Autoconf 2.71.  Invocation command line was

  CONFIG_FILES    = 
  CONFIG_HEADERS  = 
  CONFIG_LINKS    = 
  CONFIG_COMMANDS = 
  $ ./config.status --file=pcap-config.tmp:./pcap-config.in

on mamoedus-HP-Laptop-15s-eq2xxx

config.status:937: creating pcap-config.tmp
